{"uid":"804b7ae8c62b885e","name":"User is able to login,this should fail","fullName":"tests.test_login.TestLogin#test_user_login","historyId":"39cff70f68670e41090de5b2f95773fe","time":{"start":1684827313965,"stop":1684827349017,"duration":35052},"description":"User is able to login","descriptionHtml":"<p>User is able to login</p>\n","status":"broken","statusMessage":"selenium.common.exceptions.TimeoutException: Message: \nStacktrace:\n#0 0xaaaad194679c <unknown>\n#1 0xaaaad16bb3cc <unknown>\n#2 0xaaaad16ef0e0 <unknown>\n#3 0xaaaad1723d2c <unknown>\n#4 0xaaaad16e547c <unknown>\n#5 0xaaaad16e6894 <unknown>\n#6 0xaaaad1914a7c <unknown>\n#7 0xaaaad191700c <unknown>\n#8 0xaaaad1916bac <unknown>\n#9 0xaaaad191d4d8 <unknown>\n#10 0xaaaad1917924 <unknown>\n#11 0xaaaad18f6e20 <unknown>\n#12 0xaaaad1930eec <unknown>\n#13 0xaaaad19310b8 <unknown>\n#14 0xaaaad193f170 <unknown>\n#15 0xffffbca3edd8 <unknown>\n#16 0xffffbcaa7e5c <unknown>","statusTrace":"self = <tests.test_login.TestLogin object at 0xffffb9a5fd90>\n\n>   ???\n\n/Users/alya/Documents/selenium-ci-cd/tests/test_login.py:35: \n_ _ _ _ _ _ _ _ _ _ _ _ _ _ _ _ _ _ _ _ _ _ _ _ _ _ _ _ _ _ _ _ _ _ _ _ _ _ _ _ \npages/login_page.py:56: in login_existing_user\n    assert self.get_user_name() == \"Hi, \"+username\npages/nav_bar_page.py:25: in get_user_name\n    return self.get_text(self.LOGGED_IN_USER)\npages/base_page.py:33: in get_text\n    element: WebElement = self.wait.until(\n_ _ _ _ _ _ _ _ _ _ _ _ _ _ _ _ _ _ _ _ _ _ _ _ _ _ _ _ _ _ _ _ _ _ _ _ _ _ _ _ \n\nself = <selenium.webdriver.support.wait.WebDriverWait (session=\"7c912ad8b1a71cdd49d1e03543b45cd9\")>\nmethod = <function visibility_of_element_located.<locals>._predicate at 0xffffb9a85580>\nmessage = ''\n\n    def until(self, method, message: str = \"\"):\n        \"\"\"Calls the method provided with the driver as an argument until the \\\n        return value does not evaluate to ``False``.\n    \n        :param method: callable(WebDriver)\n        :param message: optional message for :exc:`TimeoutException`\n        :returns: the result of the last call to `method`\n        :raises: :exc:`selenium.common.exceptions.TimeoutException` if timeout occurs\n        \"\"\"\n        screen = None\n        stacktrace = None\n    \n        end_time = time.monotonic() + self._timeout\n        while True:\n            try:\n                value = method(self._driver)\n                if value:\n                    return value\n            except self._ignored_exceptions as exc:\n                screen = getattr(exc, \"screen\", None)\n                stacktrace = getattr(exc, \"stacktrace\", None)\n            time.sleep(self._poll)\n            if time.monotonic() > end_time:\n                break\n>       raise TimeoutException(message, screen, stacktrace)\nE       selenium.common.exceptions.TimeoutException: Message: \nE       Stacktrace:\nE       #0 0xaaaad194679c <unknown>\nE       #1 0xaaaad16bb3cc <unknown>\nE       #2 0xaaaad16ef0e0 <unknown>\nE       #3 0xaaaad1723d2c <unknown>\nE       #4 0xaaaad16e547c <unknown>\nE       #5 0xaaaad16e6894 <unknown>\nE       #6 0xaaaad1914a7c <unknown>\nE       #7 0xaaaad191700c <unknown>\nE       #8 0xaaaad1916bac <unknown>\nE       #9 0xaaaad191d4d8 <unknown>\nE       #10 0xaaaad1917924 <unknown>\nE       #11 0xaaaad18f6e20 <unknown>\nE       #12 0xaaaad1930eec <unknown>\nE       #13 0xaaaad19310b8 <unknown>\nE       #14 0xaaaad193f170 <unknown>\nE       #15 0xffffbca3edd8 <unknown>\nE       #16 0xffffbcaa7e5c <unknown>\n\n/root/.local/share/virtualenvs/selenium-test-Ou9L0FGN/lib/python3.11/site-packages/selenium/webdriver/support/wait.py:95: TimeoutException","flaky":false,"newFailed":false,"newBroken":false,"newPassed":false,"retriesCount":0,"retriesStatusChange":false,"beforeStages":[{"name":"setup","time":{"start":1684827310437,"stop":1684827313964,"duration":3527},"status":"passed","steps":[],"attachments":[],"parameters":[],"stepsCount":0,"attachmentsCount":0,"shouldDisplayMessage":false,"hasContent":false}],"testStage":{"description":"User is able to login","status":"broken","statusMessage":"selenium.common.exceptions.TimeoutException: Message: \nStacktrace:\n#0 0xaaaad194679c <unknown>\n#1 0xaaaad16bb3cc <unknown>\n#2 0xaaaad16ef0e0 <unknown>\n#3 0xaaaad1723d2c <unknown>\n#4 0xaaaad16e547c <unknown>\n#5 0xaaaad16e6894 <unknown>\n#6 0xaaaad1914a7c <unknown>\n#7 0xaaaad191700c <unknown>\n#8 0xaaaad1916bac <unknown>\n#9 0xaaaad191d4d8 <unknown>\n#10 0xaaaad1917924 <unknown>\n#11 0xaaaad18f6e20 <unknown>\n#12 0xaaaad1930eec <unknown>\n#13 0xaaaad19310b8 <unknown>\n#14 0xaaaad193f170 <unknown>\n#15 0xffffbca3edd8 <unknown>\n#16 0xffffbcaa7e5c <unknown>","statusTrace":"self = <tests.test_login.TestLogin object at 0xffffb9a5fd90>\n\n>   ???\n\n/Users/alya/Documents/selenium-ci-cd/tests/test_login.py:35: \n_ _ _ _ _ _ _ _ _ _ _ _ _ _ _ _ _ _ _ _ _ _ _ _ _ _ _ _ _ _ _ _ _ _ _ _ _ _ _ _ \npages/login_page.py:56: in login_existing_user\n    assert self.get_user_name() == \"Hi, \"+username\npages/nav_bar_page.py:25: in get_user_name\n    return self.get_text(self.LOGGED_IN_USER)\npages/base_page.py:33: in get_text\n    element: WebElement = self.wait.until(\n_ _ _ _ _ _ _ _ _ _ _ _ _ _ _ _ _ _ _ _ _ _ _ _ _ _ _ _ _ _ _ _ _ _ _ _ _ _ _ _ \n\nself = <selenium.webdriver.support.wait.WebDriverWait (session=\"7c912ad8b1a71cdd49d1e03543b45cd9\")>\nmethod = <function visibility_of_element_located.<locals>._predicate at 0xffffb9a85580>\nmessage = ''\n\n    def until(self, method, message: str = \"\"):\n        \"\"\"Calls the method provided with the driver as an argument until the \\\n        return value does not evaluate to ``False``.\n    \n        :param method: callable(WebDriver)\n        :param message: optional message for :exc:`TimeoutException`\n        :returns: the result of the last call to `method`\n        :raises: :exc:`selenium.common.exceptions.TimeoutException` if timeout occurs\n        \"\"\"\n        screen = None\n        stacktrace = None\n    \n        end_time = time.monotonic() + self._timeout\n        while True:\n            try:\n                value = method(self._driver)\n                if value:\n                    return value\n            except self._ignored_exceptions as exc:\n                screen = getattr(exc, \"screen\", None)\n                stacktrace = getattr(exc, \"stacktrace\", None)\n            time.sleep(self._poll)\n            if time.monotonic() > end_time:\n                break\n>       raise TimeoutException(message, screen, stacktrace)\nE       selenium.common.exceptions.TimeoutException: Message: \nE       Stacktrace:\nE       #0 0xaaaad194679c <unknown>\nE       #1 0xaaaad16bb3cc <unknown>\nE       #2 0xaaaad16ef0e0 <unknown>\nE       #3 0xaaaad1723d2c <unknown>\nE       #4 0xaaaad16e547c <unknown>\nE       #5 0xaaaad16e6894 <unknown>\nE       #6 0xaaaad1914a7c <unknown>\nE       #7 0xaaaad191700c <unknown>\nE       #8 0xaaaad1916bac <unknown>\nE       #9 0xaaaad191d4d8 <unknown>\nE       #10 0xaaaad1917924 <unknown>\nE       #11 0xaaaad18f6e20 <unknown>\nE       #12 0xaaaad1930eec <unknown>\nE       #13 0xaaaad19310b8 <unknown>\nE       #14 0xaaaad193f170 <unknown>\nE       #15 0xffffbca3edd8 <unknown>\nE       #16 0xffffbcaa7e5c <unknown>\n\n/root/.local/share/virtualenvs/selenium-test-Ou9L0FGN/lib/python3.11/site-packages/selenium/webdriver/support/wait.py:95: TimeoutException","steps":[{"name":"User logs in","time":{"start":1684827313965,"stop":1684827349016,"duration":35051},"status":"broken","statusMessage":"selenium.common.exceptions.TimeoutException: Message: \nStacktrace:\n#0 0xaaaad194679c <unknown>\n#1 0xaaaad16bb3cc <unknown>\n#2 0xaaaad16ef0e0 <unknown>\n#3 0xaaaad1723d2c <unknown>\n#4 0xaaaad16e547c <unknown>\n#5 0xaaaad16e6894 <unknown>\n#6 0xaaaad1914a7c <unknown>\n#7 0xaaaad191700c <unknown>\n#8 0xaaaad1916bac <unknown>\n#9 0xaaaad191d4d8 <unknown>\n#10 0xaaaad1917924 <unknown>\n#11 0xaaaad18f6e20 <unknown>\n#12 0xaaaad1930eec <unknown>\n#13 0xaaaad19310b8 <unknown>\n#14 0xaaaad193f170 <unknown>\n#15 0xffffbca3edd8 <unknown>\n#16 0xffffbcaa7e5c <unknown>\n\n","statusTrace":"  File \"/root/.local/share/virtualenvs/selenium-test-Ou9L0FGN/lib/python3.11/site-packages/allure_commons/_allure.py\", line 192, in impl\n    return func(*a, **kw)\n           ^^^^^^^^^^^^^^\n  File \"/home/selenium-test/pages/login_page.py\", line 56, in login_existing_user\n    assert self.get_user_name() == \"Hi, \"+username\n           ^^^^^^^^^^^^^^^^^^^^\n  File \"/root/.local/share/virtualenvs/selenium-test-Ou9L0FGN/lib/python3.11/site-packages/allure_commons/_allure.py\", line 192, in impl\n    return func(*a, **kw)\n           ^^^^^^^^^^^^^^\n  File \"/home/selenium-test/pages/nav_bar_page.py\", line 25, in get_user_name\n    return self.get_text(self.LOGGED_IN_USER)\n           ^^^^^^^^^^^^^^^^^^^^^^^^^^^^^^^^^^\n  File \"/home/selenium-test/pages/base_page.py\", line 33, in get_text\n    element: WebElement = self.wait.until(\n                          ^^^^^^^^^^^^^^^^\n  File \"/root/.local/share/virtualenvs/selenium-test-Ou9L0FGN/lib/python3.11/site-packages/selenium/webdriver/support/wait.py\", line 95, in until\n    raise TimeoutException(message, screen, stacktrace)\n","steps":[{"name":"User clicks login icon in nav bar","time":{"start":1684827313965,"stop":1684827314397,"duration":432},"status":"passed","steps":[],"attachments":[],"parameters":[],"stepsCount":0,"attachmentsCount":0,"shouldDisplayMessage":false,"hasContent":false},{"name":"Fill phone number","time":{"start":1684827314397,"stop":1684827315361,"duration":964},"status":"passed","steps":[],"attachments":[],"parameters":[{"name":"phone_number","value":"'01116888790'"}],"stepsCount":0,"attachmentsCount":0,"shouldDisplayMessage":false,"hasContent":true},{"name":"User clicks start exploring","time":{"start":1684827315361,"stop":1684827315719,"duration":358},"status":"passed","steps":[],"attachments":[],"parameters":[],"stepsCount":0,"attachmentsCount":0,"shouldDisplayMessage":false,"hasContent":false},{"name":"User fill password","time":{"start":1684827315720,"stop":1684827316822,"duration":1102},"status":"passed","steps":[],"attachments":[],"parameters":[{"name":"password","value":"'test'"}],"stepsCount":0,"attachmentsCount":0,"shouldDisplayMessage":false,"hasContent":true},{"name":"User clicks login button","time":{"start":1684827316822,"stop":1684827317340,"duration":518},"status":"passed","steps":[],"attachments":[],"parameters":[],"stepsCount":0,"attachmentsCount":0,"shouldDisplayMessage":false,"hasContent":false},{"name":"Return username when user logged in","time":{"start":1684827317340,"stop":1684827349014,"duration":31674},"status":"broken","statusMessage":"selenium.common.exceptions.TimeoutException: Message: \nStacktrace:\n#0 0xaaaad194679c <unknown>\n#1 0xaaaad16bb3cc <unknown>\n#2 0xaaaad16ef0e0 <unknown>\n#3 0xaaaad1723d2c <unknown>\n#4 0xaaaad16e547c <unknown>\n#5 0xaaaad16e6894 <unknown>\n#6 0xaaaad1914a7c <unknown>\n#7 0xaaaad191700c <unknown>\n#8 0xaaaad1916bac <unknown>\n#9 0xaaaad191d4d8 <unknown>\n#10 0xaaaad1917924 <unknown>\n#11 0xaaaad18f6e20 <unknown>\n#12 0xaaaad1930eec <unknown>\n#13 0xaaaad19310b8 <unknown>\n#14 0xaaaad193f170 <unknown>\n#15 0xffffbca3edd8 <unknown>\n#16 0xffffbcaa7e5c <unknown>\n\n","statusTrace":"  File \"/root/.local/share/virtualenvs/selenium-test-Ou9L0FGN/lib/python3.11/site-packages/allure_commons/_allure.py\", line 192, in impl\n    return func(*a, **kw)\n           ^^^^^^^^^^^^^^\n  File \"/home/selenium-test/pages/nav_bar_page.py\", line 25, in get_user_name\n    return self.get_text(self.LOGGED_IN_USER)\n           ^^^^^^^^^^^^^^^^^^^^^^^^^^^^^^^^^^\n  File \"/home/selenium-test/pages/base_page.py\", line 33, in get_text\n    element: WebElement = self.wait.until(\n                          ^^^^^^^^^^^^^^^^\n  File \"/root/.local/share/virtualenvs/selenium-test-Ou9L0FGN/lib/python3.11/site-packages/selenium/webdriver/support/wait.py\", line 95, in until\n    raise TimeoutException(message, screen, stacktrace)\n","steps":[],"attachments":[],"parameters":[],"stepsCount":0,"attachmentsCount":0,"shouldDisplayMessage":true,"hasContent":true}],"attachments":[],"parameters":[{"name":"phone_number","value":"'01116888790'"},{"name":"password","value":"'test'"},{"name":"username","value":"'alyaothman'"}],"stepsCount":6,"attachmentsCount":0,"shouldDisplayMessage":false,"hasContent":true}],"attachments":[{"uid":"a0f81e04c5775c33","name":"stdout","source":"a0f81e04c5775c33.txt","type":"text/plain","size":108}],"parameters":[],"stepsCount":7,"attachmentsCount":1,"shouldDisplayMessage":true,"hasContent":true},"afterStages":[{"name":"setup::0","time":{"start":1684827349030,"stop":1684827349293,"duration":263},"status":"passed","steps":[],"attachments":[{"uid":"4ef34d3eb0beeb23","name":"Screenshot","source":"4ef34d3eb0beeb23.png","type":"image/png","size":109114}],"parameters":[],"stepsCount":0,"attachmentsCount":1,"shouldDisplayMessage":false,"hasContent":true}],"labels":[{"name":"tag","value":"chrome"},{"name":"story","value":"Login functionality"},{"name":"tag","value":"@pytest.mark.usefixtures('setup')"},{"name":"parentSuite","value":"tests"},{"name":"suite","value":"test_login"},{"name":"subSuite","value":"TestLogin"},{"name":"host","value":"c84a2fb0e6ff"},{"name":"thread","value":"26-MainThread"},{"name":"framework","value":"pytest"},{"name":"language","value":"cpython3"},{"name":"package","value":"tests.test_login"},{"name":"resultFormat","value":"allure2"}],"parameters":[{"name":"browser","value":"'chrome'"}],"links":[],"hidden":true,"retry":true,"extra":{"categories":[],"tags":["chrome","@pytest.mark.usefixtures('setup')"]},"source":"804b7ae8c62b885e.json","parameterValues":["'chrome'"]}