{"uid":"a6bc8d0c7f0e0884","name":"User is able to change country code","fullName":"tests.test_login.TestLogin#test_country_code_change","historyId":"3b0c87cbb1d3e9ab8f5076c7a763fb5c","time":{"start":1684827312880,"stop":1684827356397,"duration":43517},"description":"User is able to change country code","descriptionHtml":"<p>User is able to change country code</p>\n","status":"broken","statusMessage":"selenium.common.exceptions.TimeoutException: Message: \nStacktrace:\n#0 0xaaaabebc679c <unknown>\n#1 0xaaaabe93b3cc <unknown>\n#2 0xaaaabe96f0e0 <unknown>\n#3 0xaaaabe9a3d2c <unknown>\n#4 0xaaaabe96547c <unknown>\n#5 0xaaaabe966894 <unknown>\n#6 0xaaaabeb94a7c <unknown>\n#7 0xaaaabeb9700c <unknown>\n#8 0xaaaabeb96bac <unknown>\n#9 0xaaaabeb9d4d8 <unknown>\n#10 0xaaaabeb97924 <unknown>\n#11 0xaaaabeb76e20 <unknown>\n#12 0xaaaabebb0eec <unknown>\n#13 0xaaaabebb10b8 <unknown>\n#14 0xaaaabebbf170 <unknown>\n#15 0xffff8f31edd8 <unknown>\n#16 0xffff8f387e5c <unknown>","statusTrace":"self = <tests.test_login.TestLogin object at 0xffff7ec81590>\ncountry_code_data = {'code': '+93', 'country': 'Afghanistan'}\n\n>   ???\n\n/Users/alya/Documents/selenium-ci-cd/tests/test_login.py:43: \n_ _ _ _ _ _ _ _ _ _ _ _ _ _ _ _ _ _ _ _ _ _ _ _ _ _ _ _ _ _ _ _ _ _ _ _ _ _ _ _ \npages/country_code_page.py:29: in click_country_code\n    self.click(country_name_xpath)\npages/base_page.py:18: in click\n    element: WebElement = self.wait.until(\n_ _ _ _ _ _ _ _ _ _ _ _ _ _ _ _ _ _ _ _ _ _ _ _ _ _ _ _ _ _ _ _ _ _ _ _ _ _ _ _ \n\nself = <selenium.webdriver.support.wait.WebDriverWait (session=\"d8e84bd5201521c3aec1fe2d8979e7d4\")>\nmethod = <function visibility_of_element_located.<locals>._predicate at 0xffff7eb2d440>\nmessage = ''\n\n    def until(self, method, message: str = \"\"):\n        \"\"\"Calls the method provided with the driver as an argument until the \\\n        return value does not evaluate to ``False``.\n    \n        :param method: callable(WebDriver)\n        :param message: optional message for :exc:`TimeoutException`\n        :returns: the result of the last call to `method`\n        :raises: :exc:`selenium.common.exceptions.TimeoutException` if timeout occurs\n        \"\"\"\n        screen = None\n        stacktrace = None\n    \n        end_time = time.monotonic() + self._timeout\n        while True:\n            try:\n                value = method(self._driver)\n                if value:\n                    return value\n            except self._ignored_exceptions as exc:\n                screen = getattr(exc, \"screen\", None)\n                stacktrace = getattr(exc, \"stacktrace\", None)\n            time.sleep(self._poll)\n            if time.monotonic() > end_time:\n                break\n>       raise TimeoutException(message, screen, stacktrace)\nE       selenium.common.exceptions.TimeoutException: Message: \nE       Stacktrace:\nE       #0 0xaaaabebc679c <unknown>\nE       #1 0xaaaabe93b3cc <unknown>\nE       #2 0xaaaabe96f0e0 <unknown>\nE       #3 0xaaaabe9a3d2c <unknown>\nE       #4 0xaaaabe96547c <unknown>\nE       #5 0xaaaabe966894 <unknown>\nE       #6 0xaaaabeb94a7c <unknown>\nE       #7 0xaaaabeb9700c <unknown>\nE       #8 0xaaaabeb96bac <unknown>\nE       #9 0xaaaabeb9d4d8 <unknown>\nE       #10 0xaaaabeb97924 <unknown>\nE       #11 0xaaaabeb76e20 <unknown>\nE       #12 0xaaaabebb0eec <unknown>\nE       #13 0xaaaabebb10b8 <unknown>\nE       #14 0xaaaabebbf170 <unknown>\nE       #15 0xffff8f31edd8 <unknown>\nE       #16 0xffff8f387e5c <unknown>\n\n/root/.local/share/virtualenvs/selenium-test-Ou9L0FGN/lib/python3.11/site-packages/selenium/webdriver/support/wait.py:95: TimeoutException","flaky":false,"newFailed":false,"newBroken":false,"newPassed":false,"retriesCount":0,"retriesStatusChange":false,"beforeStages":[{"name":"setup","time":{"start":1684827308186,"stop":1684827312875,"duration":4689},"status":"passed","steps":[],"attachments":[],"parameters":[],"stepsCount":0,"attachmentsCount":0,"shouldDisplayMessage":false,"hasContent":false},{"name":"country_code_data","time":{"start":1684827312876,"stop":1684827312877,"duration":1},"status":"passed","steps":[],"attachments":[],"parameters":[],"stepsCount":0,"attachmentsCount":0,"shouldDisplayMessage":false,"hasContent":false}],"testStage":{"description":"User is able to change country code","status":"broken","statusMessage":"selenium.common.exceptions.TimeoutException: Message: \nStacktrace:\n#0 0xaaaabebc679c <unknown>\n#1 0xaaaabe93b3cc <unknown>\n#2 0xaaaabe96f0e0 <unknown>\n#3 0xaaaabe9a3d2c <unknown>\n#4 0xaaaabe96547c <unknown>\n#5 0xaaaabe966894 <unknown>\n#6 0xaaaabeb94a7c <unknown>\n#7 0xaaaabeb9700c <unknown>\n#8 0xaaaabeb96bac <unknown>\n#9 0xaaaabeb9d4d8 <unknown>\n#10 0xaaaabeb97924 <unknown>\n#11 0xaaaabeb76e20 <unknown>\n#12 0xaaaabebb0eec <unknown>\n#13 0xaaaabebb10b8 <unknown>\n#14 0xaaaabebbf170 <unknown>\n#15 0xffff8f31edd8 <unknown>\n#16 0xffff8f387e5c <unknown>","statusTrace":"self = <tests.test_login.TestLogin object at 0xffff7ec81590>\ncountry_code_data = {'code': '+93', 'country': 'Afghanistan'}\n\n>   ???\n\n/Users/alya/Documents/selenium-ci-cd/tests/test_login.py:43: \n_ _ _ _ _ _ _ _ _ _ _ _ _ _ _ _ _ _ _ _ _ _ _ _ _ _ _ _ _ _ _ _ _ _ _ _ _ _ _ _ \npages/country_code_page.py:29: in click_country_code\n    self.click(country_name_xpath)\npages/base_page.py:18: in click\n    element: WebElement = self.wait.until(\n_ _ _ _ _ _ _ _ _ _ _ _ _ _ _ _ _ _ _ _ _ _ _ _ _ _ _ _ _ _ _ _ _ _ _ _ _ _ _ _ \n\nself = <selenium.webdriver.support.wait.WebDriverWait (session=\"d8e84bd5201521c3aec1fe2d8979e7d4\")>\nmethod = <function visibility_of_element_located.<locals>._predicate at 0xffff7eb2d440>\nmessage = ''\n\n    def until(self, method, message: str = \"\"):\n        \"\"\"Calls the method provided with the driver as an argument until the \\\n        return value does not evaluate to ``False``.\n    \n        :param method: callable(WebDriver)\n        :param message: optional message for :exc:`TimeoutException`\n        :returns: the result of the last call to `method`\n        :raises: :exc:`selenium.common.exceptions.TimeoutException` if timeout occurs\n        \"\"\"\n        screen = None\n        stacktrace = None\n    \n        end_time = time.monotonic() + self._timeout\n        while True:\n            try:\n                value = method(self._driver)\n                if value:\n                    return value\n            except self._ignored_exceptions as exc:\n                screen = getattr(exc, \"screen\", None)\n                stacktrace = getattr(exc, \"stacktrace\", None)\n            time.sleep(self._poll)\n            if time.monotonic() > end_time:\n                break\n>       raise TimeoutException(message, screen, stacktrace)\nE       selenium.common.exceptions.TimeoutException: Message: \nE       Stacktrace:\nE       #0 0xaaaabebc679c <unknown>\nE       #1 0xaaaabe93b3cc <unknown>\nE       #2 0xaaaabe96f0e0 <unknown>\nE       #3 0xaaaabe9a3d2c <unknown>\nE       #4 0xaaaabe96547c <unknown>\nE       #5 0xaaaabe966894 <unknown>\nE       #6 0xaaaabeb94a7c <unknown>\nE       #7 0xaaaabeb9700c <unknown>\nE       #8 0xaaaabeb96bac <unknown>\nE       #9 0xaaaabeb9d4d8 <unknown>\nE       #10 0xaaaabeb97924 <unknown>\nE       #11 0xaaaabeb76e20 <unknown>\nE       #12 0xaaaabebb0eec <unknown>\nE       #13 0xaaaabebb10b8 <unknown>\nE       #14 0xaaaabebbf170 <unknown>\nE       #15 0xffff8f31edd8 <unknown>\nE       #16 0xffff8f387e5c <unknown>\n\n/root/.local/share/virtualenvs/selenium-test-Ou9L0FGN/lib/python3.11/site-packages/selenium/webdriver/support/wait.py:95: TimeoutException","steps":[{"name":"User clicks login icon in nav bar","time":{"start":1684827312881,"stop":1684827318423,"duration":5542},"status":"passed","steps":[],"attachments":[],"parameters":[],"stepsCount":0,"attachmentsCount":0,"shouldDisplayMessage":false,"hasContent":false},{"name":"User clicks to change country code","time":{"start":1684827318424,"stop":1684827324676,"duration":6252},"status":"passed","steps":[],"attachments":[],"parameters":[],"stepsCount":0,"attachmentsCount":0,"shouldDisplayMessage":false,"hasContent":false},{"name":"User select country","time":{"start":1684827324684,"stop":1684827356394,"duration":31710},"status":"broken","statusMessage":"selenium.common.exceptions.TimeoutException: Message: \nStacktrace:\n#0 0xaaaabebc679c <unknown>\n#1 0xaaaabe93b3cc <unknown>\n#2 0xaaaabe96f0e0 <unknown>\n#3 0xaaaabe9a3d2c <unknown>\n#4 0xaaaabe96547c <unknown>\n#5 0xaaaabe966894 <unknown>\n#6 0xaaaabeb94a7c <unknown>\n#7 0xaaaabeb9700c <unknown>\n#8 0xaaaabeb96bac <unknown>\n#9 0xaaaabeb9d4d8 <unknown>\n#10 0xaaaabeb97924 <unknown>\n#11 0xaaaabeb76e20 <unknown>\n#12 0xaaaabebb0eec <unknown>\n#13 0xaaaabebb10b8 <unknown>\n#14 0xaaaabebbf170 <unknown>\n#15 0xffff8f31edd8 <unknown>\n#16 0xffff8f387e5c <unknown>\n\n","statusTrace":"  File \"/root/.local/share/virtualenvs/selenium-test-Ou9L0FGN/lib/python3.11/site-packages/allure_commons/_allure.py\", line 192, in impl\n    return func(*a, **kw)\n           ^^^^^^^^^^^^^^\n  File \"/home/selenium-test/pages/country_code_page.py\", line 29, in click_country_code\n    self.click(country_name_xpath)\n  File \"/home/selenium-test/pages/base_page.py\", line 18, in click\n    element: WebElement = self.wait.until(\n                          ^^^^^^^^^^^^^^^^\n  File \"/root/.local/share/virtualenvs/selenium-test-Ou9L0FGN/lib/python3.11/site-packages/selenium/webdriver/support/wait.py\", line 95, in until\n    raise TimeoutException(message, screen, stacktrace)\n","steps":[],"attachments":[],"parameters":[{"name":"country_name","value":"'Afghanistan'"}],"stepsCount":0,"attachmentsCount":0,"shouldDisplayMessage":true,"hasContent":true}],"attachments":[{"uid":"c6f839f097c7335e","name":"stdout","source":"c6f839f097c7335e.txt","type":"text/plain","size":108}],"parameters":[],"stepsCount":3,"attachmentsCount":1,"shouldDisplayMessage":true,"hasContent":true},"afterStages":[{"name":"setup::0","time":{"start":1684827356412,"stop":1684827356965,"duration":553},"status":"passed","steps":[],"attachments":[{"uid":"15fca53e9faa6256","name":"Screenshot","source":"15fca53e9faa6256.png","type":"image/png","size":123471}],"parameters":[],"stepsCount":0,"attachmentsCount":1,"shouldDisplayMessage":false,"hasContent":true}],"labels":[{"name":"tag","value":"chrome"},{"name":"story","value":"Login functionality"},{"name":"tag","value":"@pytest.mark.usefixtures('setup')"},{"name":"parentSuite","value":"tests"},{"name":"suite","value":"test_login"},{"name":"subSuite","value":"TestLogin"},{"name":"host","value":"c84a2fb0e6ff"},{"name":"thread","value":"32-MainThread"},{"name":"framework","value":"pytest"},{"name":"language","value":"cpython3"},{"name":"package","value":"tests.test_login"},{"name":"resultFormat","value":"allure2"}],"parameters":[{"name":"browser","value":"'chrome'"},{"name":"country_code_data","value":"{'country': 'Afghanistan', 'code': '+93'}"}],"links":[],"hidden":true,"retry":true,"extra":{"categories":[],"tags":["chrome","@pytest.mark.usefixtures('setup')"]},"source":"a6bc8d0c7f0e0884.json","parameterValues":["'chrome'","{'country': 'Afghanistan', 'code': '+93'}"]}