{"uid":"2df1d8fb252f2b16","name":"User is able to change country code","fullName":"tests.test_login.TestLogin#test_country_code_change","historyId":"d4789fa5b9353700b289a8b501933add","time":{"start":1684827351361,"stop":1684827394411,"duration":43050},"description":"User is able to change country code","descriptionHtml":"<p>User is able to change country code</p>\n","status":"broken","statusMessage":"selenium.common.exceptions.TimeoutException: Message: \nStacktrace:\n#0 0xaaaadcc5679c <unknown>\n#1 0xaaaadc9cb3cc <unknown>\n#2 0xaaaadc9ff0e0 <unknown>\n#3 0xaaaadca33d2c <unknown>\n#4 0xaaaadc9f547c <unknown>\n#5 0xaaaadc9f6894 <unknown>\n#6 0xaaaadcc24a7c <unknown>\n#7 0xaaaadcc2700c <unknown>\n#8 0xaaaadcc26bac <unknown>\n#9 0xaaaadcc2d4d8 <unknown>\n#10 0xaaaadcc27924 <unknown>\n#11 0xaaaadcc06e20 <unknown>\n#12 0xaaaadcc40eec <unknown>\n#13 0xaaaadcc410b8 <unknown>\n#14 0xaaaadcc4f170 <unknown>\n#15 0xffff8a2dedd8 <unknown>\n#16 0xffff8a347e5c <unknown>","statusTrace":"self = <tests.test_login.TestLogin object at 0xffffb6f09710>\ncountry_code_data = {'code': '+355', 'country': 'Albania'}\n\n>   ???\n\n/Users/alya/Documents/selenium-ci-cd/tests/test_login.py:43: \n_ _ _ _ _ _ _ _ _ _ _ _ _ _ _ _ _ _ _ _ _ _ _ _ _ _ _ _ _ _ _ _ _ _ _ _ _ _ _ _ \npages/country_code_page.py:29: in click_country_code\n    self.click(country_name_xpath)\npages/base_page.py:18: in click\n    element: WebElement = self.wait.until(\n_ _ _ _ _ _ _ _ _ _ _ _ _ _ _ _ _ _ _ _ _ _ _ _ _ _ _ _ _ _ _ _ _ _ _ _ _ _ _ _ \n\nself = <selenium.webdriver.support.wait.WebDriverWait (session=\"c21dc8cbe78dc3611430b07fba487b6f\")>\nmethod = <function visibility_of_element_located.<locals>._predicate at 0xffffb6db5bc0>\nmessage = ''\n\n    def until(self, method, message: str = \"\"):\n        \"\"\"Calls the method provided with the driver as an argument until the \\\n        return value does not evaluate to ``False``.\n    \n        :param method: callable(WebDriver)\n        :param message: optional message for :exc:`TimeoutException`\n        :returns: the result of the last call to `method`\n        :raises: :exc:`selenium.common.exceptions.TimeoutException` if timeout occurs\n        \"\"\"\n        screen = None\n        stacktrace = None\n    \n        end_time = time.monotonic() + self._timeout\n        while True:\n            try:\n                value = method(self._driver)\n                if value:\n                    return value\n            except self._ignored_exceptions as exc:\n                screen = getattr(exc, \"screen\", None)\n                stacktrace = getattr(exc, \"stacktrace\", None)\n            time.sleep(self._poll)\n            if time.monotonic() > end_time:\n                break\n>       raise TimeoutException(message, screen, stacktrace)\nE       selenium.common.exceptions.TimeoutException: Message: \nE       Stacktrace:\nE       #0 0xaaaadcc5679c <unknown>\nE       #1 0xaaaadc9cb3cc <unknown>\nE       #2 0xaaaadc9ff0e0 <unknown>\nE       #3 0xaaaadca33d2c <unknown>\nE       #4 0xaaaadc9f547c <unknown>\nE       #5 0xaaaadc9f6894 <unknown>\nE       #6 0xaaaadcc24a7c <unknown>\nE       #7 0xaaaadcc2700c <unknown>\nE       #8 0xaaaadcc26bac <unknown>\nE       #9 0xaaaadcc2d4d8 <unknown>\nE       #10 0xaaaadcc27924 <unknown>\nE       #11 0xaaaadcc06e20 <unknown>\nE       #12 0xaaaadcc40eec <unknown>\nE       #13 0xaaaadcc410b8 <unknown>\nE       #14 0xaaaadcc4f170 <unknown>\nE       #15 0xffff8a2dedd8 <unknown>\nE       #16 0xffff8a347e5c <unknown>\n\n/root/.local/share/virtualenvs/selenium-test-Ou9L0FGN/lib/python3.11/site-packages/selenium/webdriver/support/wait.py:95: TimeoutException","flaky":false,"newFailed":false,"newBroken":false,"newPassed":false,"retriesCount":0,"retriesStatusChange":false,"beforeStages":[{"name":"setup","time":{"start":1684827347847,"stop":1684827351361,"duration":3514},"status":"passed","steps":[],"attachments":[],"parameters":[],"stepsCount":0,"attachmentsCount":0,"shouldDisplayMessage":false,"hasContent":false},{"name":"country_code_data","time":{"start":1684827351361,"stop":1684827351361,"duration":0},"status":"passed","steps":[],"attachments":[],"parameters":[],"stepsCount":0,"attachmentsCount":0,"shouldDisplayMessage":false,"hasContent":false}],"testStage":{"description":"User is able to change country code","status":"broken","statusMessage":"selenium.common.exceptions.TimeoutException: Message: \nStacktrace:\n#0 0xaaaadcc5679c <unknown>\n#1 0xaaaadc9cb3cc <unknown>\n#2 0xaaaadc9ff0e0 <unknown>\n#3 0xaaaadca33d2c <unknown>\n#4 0xaaaadc9f547c <unknown>\n#5 0xaaaadc9f6894 <unknown>\n#6 0xaaaadcc24a7c <unknown>\n#7 0xaaaadcc2700c <unknown>\n#8 0xaaaadcc26bac <unknown>\n#9 0xaaaadcc2d4d8 <unknown>\n#10 0xaaaadcc27924 <unknown>\n#11 0xaaaadcc06e20 <unknown>\n#12 0xaaaadcc40eec <unknown>\n#13 0xaaaadcc410b8 <unknown>\n#14 0xaaaadcc4f170 <unknown>\n#15 0xffff8a2dedd8 <unknown>\n#16 0xffff8a347e5c <unknown>","statusTrace":"self = <tests.test_login.TestLogin object at 0xffffb6f09710>\ncountry_code_data = {'code': '+355', 'country': 'Albania'}\n\n>   ???\n\n/Users/alya/Documents/selenium-ci-cd/tests/test_login.py:43: \n_ _ _ _ _ _ _ _ _ _ _ _ _ _ _ _ _ _ _ _ _ _ _ _ _ _ _ _ _ _ _ _ _ _ _ _ _ _ _ _ \npages/country_code_page.py:29: in click_country_code\n    self.click(country_name_xpath)\npages/base_page.py:18: in click\n    element: WebElement = self.wait.until(\n_ _ _ _ _ _ _ _ _ _ _ _ _ _ _ _ _ _ _ _ _ _ _ _ _ _ _ _ _ _ _ _ _ _ _ _ _ _ _ _ \n\nself = <selenium.webdriver.support.wait.WebDriverWait (session=\"c21dc8cbe78dc3611430b07fba487b6f\")>\nmethod = <function visibility_of_element_located.<locals>._predicate at 0xffffb6db5bc0>\nmessage = ''\n\n    def until(self, method, message: str = \"\"):\n        \"\"\"Calls the method provided with the driver as an argument until the \\\n        return value does not evaluate to ``False``.\n    \n        :param method: callable(WebDriver)\n        :param message: optional message for :exc:`TimeoutException`\n        :returns: the result of the last call to `method`\n        :raises: :exc:`selenium.common.exceptions.TimeoutException` if timeout occurs\n        \"\"\"\n        screen = None\n        stacktrace = None\n    \n        end_time = time.monotonic() + self._timeout\n        while True:\n            try:\n                value = method(self._driver)\n                if value:\n                    return value\n            except self._ignored_exceptions as exc:\n                screen = getattr(exc, \"screen\", None)\n                stacktrace = getattr(exc, \"stacktrace\", None)\n            time.sleep(self._poll)\n            if time.monotonic() > end_time:\n                break\n>       raise TimeoutException(message, screen, stacktrace)\nE       selenium.common.exceptions.TimeoutException: Message: \nE       Stacktrace:\nE       #0 0xaaaadcc5679c <unknown>\nE       #1 0xaaaadc9cb3cc <unknown>\nE       #2 0xaaaadc9ff0e0 <unknown>\nE       #3 0xaaaadca33d2c <unknown>\nE       #4 0xaaaadc9f547c <unknown>\nE       #5 0xaaaadc9f6894 <unknown>\nE       #6 0xaaaadcc24a7c <unknown>\nE       #7 0xaaaadcc2700c <unknown>\nE       #8 0xaaaadcc26bac <unknown>\nE       #9 0xaaaadcc2d4d8 <unknown>\nE       #10 0xaaaadcc27924 <unknown>\nE       #11 0xaaaadcc06e20 <unknown>\nE       #12 0xaaaadcc40eec <unknown>\nE       #13 0xaaaadcc410b8 <unknown>\nE       #14 0xaaaadcc4f170 <unknown>\nE       #15 0xffff8a2dedd8 <unknown>\nE       #16 0xffff8a347e5c <unknown>\n\n/root/.local/share/virtualenvs/selenium-test-Ou9L0FGN/lib/python3.11/site-packages/selenium/webdriver/support/wait.py:95: TimeoutException","steps":[{"name":"User clicks login icon in nav bar","time":{"start":1684827351361,"stop":1684827356871,"duration":5510},"status":"passed","steps":[],"attachments":[],"parameters":[],"stepsCount":0,"attachmentsCount":0,"shouldDisplayMessage":false,"hasContent":false},{"name":"User clicks to change country code","time":{"start":1684827356872,"stop":1684827362770,"duration":5898},"status":"passed","steps":[],"attachments":[],"parameters":[],"stepsCount":0,"attachmentsCount":0,"shouldDisplayMessage":false,"hasContent":false},{"name":"User select country","time":{"start":1684827362770,"stop":1684827394404,"duration":31634},"status":"broken","statusMessage":"selenium.common.exceptions.TimeoutException: Message: \nStacktrace:\n#0 0xaaaadcc5679c <unknown>\n#1 0xaaaadc9cb3cc <unknown>\n#2 0xaaaadc9ff0e0 <unknown>\n#3 0xaaaadca33d2c <unknown>\n#4 0xaaaadc9f547c <unknown>\n#5 0xaaaadc9f6894 <unknown>\n#6 0xaaaadcc24a7c <unknown>\n#7 0xaaaadcc2700c <unknown>\n#8 0xaaaadcc26bac <unknown>\n#9 0xaaaadcc2d4d8 <unknown>\n#10 0xaaaadcc27924 <unknown>\n#11 0xaaaadcc06e20 <unknown>\n#12 0xaaaadcc40eec <unknown>\n#13 0xaaaadcc410b8 <unknown>\n#14 0xaaaadcc4f170 <unknown>\n#15 0xffff8a2dedd8 <unknown>\n#16 0xffff8a347e5c <unknown>\n\n","statusTrace":"  File \"/root/.local/share/virtualenvs/selenium-test-Ou9L0FGN/lib/python3.11/site-packages/allure_commons/_allure.py\", line 192, in impl\n    return func(*a, **kw)\n           ^^^^^^^^^^^^^^\n  File \"/home/selenium-test/pages/country_code_page.py\", line 29, in click_country_code\n    self.click(country_name_xpath)\n  File \"/home/selenium-test/pages/base_page.py\", line 18, in click\n    element: WebElement = self.wait.until(\n                          ^^^^^^^^^^^^^^^^\n  File \"/root/.local/share/virtualenvs/selenium-test-Ou9L0FGN/lib/python3.11/site-packages/selenium/webdriver/support/wait.py\", line 95, in until\n    raise TimeoutException(message, screen, stacktrace)\n","steps":[],"attachments":[],"parameters":[{"name":"country_name","value":"'Albania'"}],"stepsCount":0,"attachmentsCount":0,"shouldDisplayMessage":true,"hasContent":true}],"attachments":[{"uid":"1492f9ee18bb69a","name":"stdout","source":"1492f9ee18bb69a.txt","type":"text/plain","size":54}],"parameters":[],"stepsCount":3,"attachmentsCount":1,"shouldDisplayMessage":true,"hasContent":true},"afterStages":[{"name":"setup::0","time":{"start":1684827394441,"stop":1684827394743,"duration":302},"status":"passed","steps":[],"attachments":[{"uid":"3f0d9282a7e6b6","name":"Screenshot","source":"3f0d9282a7e6b6.png","type":"image/png","size":123460}],"parameters":[],"stepsCount":0,"attachmentsCount":1,"shouldDisplayMessage":false,"hasContent":true}],"labels":[{"name":"tag","value":"chrome"},{"name":"story","value":"Login functionality"},{"name":"tag","value":"@pytest.mark.usefixtures('setup')"},{"name":"parentSuite","value":"tests"},{"name":"suite","value":"test_login"},{"name":"subSuite","value":"TestLogin"},{"name":"host","value":"c84a2fb0e6ff"},{"name":"thread","value":"15-MainThread"},{"name":"framework","value":"pytest"},{"name":"language","value":"cpython3"},{"name":"package","value":"tests.test_login"},{"name":"resultFormat","value":"allure2"}],"parameters":[{"name":"browser","value":"'chrome'"},{"name":"country_code_data","value":"{'country': 'Albania', 'code': '+355'}"}],"links":[],"hidden":true,"retry":true,"extra":{"categories":[],"tags":["chrome","@pytest.mark.usefixtures('setup')"]},"source":"2df1d8fb252f2b16.json","parameterValues":["'chrome'","{'country': 'Albania', 'code': '+355'}"]}