{"uid":"57a37b944c61d9ce","name":"User is able to login,this should fail","fullName":"tests.test_login.TestLogin#test_user_login","historyId":"c70b764e14c198ae23bb359c5cb1e46d","time":{"start":1684825090955,"stop":1684825133127,"duration":42172},"description":"User is able to login","descriptionHtml":"<p>User is able to login</p>\n","status":"broken","statusMessage":"selenium.common.exceptions.TimeoutException: Message: \nStacktrace:\n0   chromedriver                        0x0000000100967598 chromedriver + 4973976\n1   chromedriver                        0x000000010095e913 chromedriver + 4938003\n2   chromedriver                        0x000000010051bcd6 chromedriver + 470230\n3   chromedriver                        0x000000010055f2ff chromedriver + 746239\n4   chromedriver                        0x000000010055f591 chromedriver + 746897\n5   chromedriver                        0x00000001005a1384 chromedriver + 1016708\n6   chromedriver                        0x00000001005839ed chromedriver + 895469\n7   chromedriver                        0x000000010059e856 chromedriver + 1005654\n8   chromedriver                        0x0000000100583793 chromedriver + 894867\n9   chromedriver                        0x000000010055121f chromedriver + 688671\n10  chromedriver                        0x000000010055256e chromedriver + 693614\n11  chromedriver                        0x0000000100921bb7 chromedriver + 4688823\n12  chromedriver                        0x0000000100926a51 chromedriver + 4708945\n13  chromedriver                        0x000000010092d40f chromedriver + 4736015\n14  chromedriver                        0x000000010092791a chromedriver + 4712730\n15  chromedriver                        0x00000001008fa87c chromedriver + 4528252\n16  chromedriver                        0x0000000100946f28 chromedriver + 4841256\n17  chromedriver                        0x00000001009470a7 chromedriver + 4841639\n18  chromedriver                        0x000000010095828f chromedriver + 4911759\n19  libsystem_pthread.dylib             0x00007fff204068fc _pthread_start + 224\n20  libsystem_pthread.dylib             0x00007fff20402443 thread_start + 15","statusTrace":"self = <tests.test_login.TestLogin object at 0x10d99c750>\n\n    @allure.description(\"User is able to login\")\n    @allure.title(\"User is able to login,this should fail\")\n    def test_user_login(self):\n>       self.login_page.login_existing_user(\n            \"01116888790\", \"test\", \"alyaothman\")\n\ntests/test_login.py:35: \n_ _ _ _ _ _ _ _ _ _ _ _ _ _ _ _ _ _ _ _ _ _ _ _ _ _ _ _ _ _ _ _ _ _ _ _ _ _ _ _ \npages/login_page.py:56: in login_existing_user\n    assert self.get_user_name() == \"Hi, \"+username\npages/nav_bar_page.py:25: in get_user_name\n    return self.get_text(self.LOGGED_IN_USER)\npages/base_page.py:33: in get_text\n    element: WebElement = self.wait.until(\n_ _ _ _ _ _ _ _ _ _ _ _ _ _ _ _ _ _ _ _ _ _ _ _ _ _ _ _ _ _ _ _ _ _ _ _ _ _ _ _ \n\nself = <selenium.webdriver.support.wait.WebDriverWait (session=\"35adf6d4d70f89eb1fa478b8426947e4\")>\nmethod = <function visibility_of_element_located.<locals>._predicate at 0x10d9d1620>\nmessage = ''\n\n    def until(self, method, message: str = \"\"):\n        \"\"\"Calls the method provided with the driver as an argument until the \\\n        return value does not evaluate to ``False``.\n    \n        :param method: callable(WebDriver)\n        :param message: optional message for :exc:`TimeoutException`\n        :returns: the result of the last call to `method`\n        :raises: :exc:`selenium.common.exceptions.TimeoutException` if timeout occurs\n        \"\"\"\n        screen = None\n        stacktrace = None\n    \n        end_time = time.monotonic() + self._timeout\n        while True:\n            try:\n                value = method(self._driver)\n                if value:\n                    return value\n            except self._ignored_exceptions as exc:\n                screen = getattr(exc, \"screen\", None)\n                stacktrace = getattr(exc, \"stacktrace\", None)\n            time.sleep(self._poll)\n            if time.monotonic() > end_time:\n                break\n>       raise TimeoutException(message, screen, stacktrace)\nE       selenium.common.exceptions.TimeoutException: Message: \nE       Stacktrace:\nE       0   chromedriver                        0x0000000100967598 chromedriver + 4973976\nE       1   chromedriver                        0x000000010095e913 chromedriver + 4938003\nE       2   chromedriver                        0x000000010051bcd6 chromedriver + 470230\nE       3   chromedriver                        0x000000010055f2ff chromedriver + 746239\nE       4   chromedriver                        0x000000010055f591 chromedriver + 746897\nE       5   chromedriver                        0x00000001005a1384 chromedriver + 1016708\nE       6   chromedriver                        0x00000001005839ed chromedriver + 895469\nE       7   chromedriver                        0x000000010059e856 chromedriver + 1005654\nE       8   chromedriver                        0x0000000100583793 chromedriver + 894867\nE       9   chromedriver                        0x000000010055121f chromedriver + 688671\nE       10  chromedriver                        0x000000010055256e chromedriver + 693614\nE       11  chromedriver                        0x0000000100921bb7 chromedriver + 4688823\nE       12  chromedriver                        0x0000000100926a51 chromedriver + 4708945\nE       13  chromedriver                        0x000000010092d40f chromedriver + 4736015\nE       14  chromedriver                        0x000000010092791a chromedriver + 4712730\nE       15  chromedriver                        0x00000001008fa87c chromedriver + 4528252\nE       16  chromedriver                        0x0000000100946f28 chromedriver + 4841256\nE       17  chromedriver                        0x00000001009470a7 chromedriver + 4841639\nE       18  chromedriver                        0x000000010095828f chromedriver + 4911759\nE       19  libsystem_pthread.dylib             0x00007fff204068fc _pthread_start + 224\nE       20  libsystem_pthread.dylib             0x00007fff20402443 thread_start + 15\n\n/usr/local/lib/python3.11/site-packages/selenium/webdriver/support/wait.py:95: TimeoutException","flaky":false,"newFailed":false,"newBroken":false,"newPassed":false,"retriesCount":0,"retriesStatusChange":false,"beforeStages":[{"name":"setup","time":{"start":1684825058923,"stop":1684825090949,"duration":32026},"status":"passed","steps":[],"attachments":[],"parameters":[],"stepsCount":0,"attachmentsCount":0,"shouldDisplayMessage":false,"hasContent":false}],"testStage":{"description":"User is able to login","status":"broken","statusMessage":"selenium.common.exceptions.TimeoutException: Message: \nStacktrace:\n0   chromedriver                        0x0000000100967598 chromedriver + 4973976\n1   chromedriver                        0x000000010095e913 chromedriver + 4938003\n2   chromedriver                        0x000000010051bcd6 chromedriver + 470230\n3   chromedriver                        0x000000010055f2ff chromedriver + 746239\n4   chromedriver                        0x000000010055f591 chromedriver + 746897\n5   chromedriver                        0x00000001005a1384 chromedriver + 1016708\n6   chromedriver                        0x00000001005839ed chromedriver + 895469\n7   chromedriver                        0x000000010059e856 chromedriver + 1005654\n8   chromedriver                        0x0000000100583793 chromedriver + 894867\n9   chromedriver                        0x000000010055121f chromedriver + 688671\n10  chromedriver                        0x000000010055256e chromedriver + 693614\n11  chromedriver                        0x0000000100921bb7 chromedriver + 4688823\n12  chromedriver                        0x0000000100926a51 chromedriver + 4708945\n13  chromedriver                        0x000000010092d40f chromedriver + 4736015\n14  chromedriver                        0x000000010092791a chromedriver + 4712730\n15  chromedriver                        0x00000001008fa87c chromedriver + 4528252\n16  chromedriver                        0x0000000100946f28 chromedriver + 4841256\n17  chromedriver                        0x00000001009470a7 chromedriver + 4841639\n18  chromedriver                        0x000000010095828f chromedriver + 4911759\n19  libsystem_pthread.dylib             0x00007fff204068fc _pthread_start + 224\n20  libsystem_pthread.dylib             0x00007fff20402443 thread_start + 15","statusTrace":"self = <tests.test_login.TestLogin object at 0x10d99c750>\n\n    @allure.description(\"User is able to login\")\n    @allure.title(\"User is able to login,this should fail\")\n    def test_user_login(self):\n>       self.login_page.login_existing_user(\n            \"01116888790\", \"test\", \"alyaothman\")\n\ntests/test_login.py:35: \n_ _ _ _ _ _ _ _ _ _ _ _ _ _ _ _ _ _ _ _ _ _ _ _ _ _ _ _ _ _ _ _ _ _ _ _ _ _ _ _ \npages/login_page.py:56: in login_existing_user\n    assert self.get_user_name() == \"Hi, \"+username\npages/nav_bar_page.py:25: in get_user_name\n    return self.get_text(self.LOGGED_IN_USER)\npages/base_page.py:33: in get_text\n    element: WebElement = self.wait.until(\n_ _ _ _ _ _ _ _ _ _ _ _ _ _ _ _ _ _ _ _ _ _ _ _ _ _ _ _ _ _ _ _ _ _ _ _ _ _ _ _ \n\nself = <selenium.webdriver.support.wait.WebDriverWait (session=\"35adf6d4d70f89eb1fa478b8426947e4\")>\nmethod = <function visibility_of_element_located.<locals>._predicate at 0x10d9d1620>\nmessage = ''\n\n    def until(self, method, message: str = \"\"):\n        \"\"\"Calls the method provided with the driver as an argument until the \\\n        return value does not evaluate to ``False``.\n    \n        :param method: callable(WebDriver)\n        :param message: optional message for :exc:`TimeoutException`\n        :returns: the result of the last call to `method`\n        :raises: :exc:`selenium.common.exceptions.TimeoutException` if timeout occurs\n        \"\"\"\n        screen = None\n        stacktrace = None\n    \n        end_time = time.monotonic() + self._timeout\n        while True:\n            try:\n                value = method(self._driver)\n                if value:\n                    return value\n            except self._ignored_exceptions as exc:\n                screen = getattr(exc, \"screen\", None)\n                stacktrace = getattr(exc, \"stacktrace\", None)\n            time.sleep(self._poll)\n            if time.monotonic() > end_time:\n                break\n>       raise TimeoutException(message, screen, stacktrace)\nE       selenium.common.exceptions.TimeoutException: Message: \nE       Stacktrace:\nE       0   chromedriver                        0x0000000100967598 chromedriver + 4973976\nE       1   chromedriver                        0x000000010095e913 chromedriver + 4938003\nE       2   chromedriver                        0x000000010051bcd6 chromedriver + 470230\nE       3   chromedriver                        0x000000010055f2ff chromedriver + 746239\nE       4   chromedriver                        0x000000010055f591 chromedriver + 746897\nE       5   chromedriver                        0x00000001005a1384 chromedriver + 1016708\nE       6   chromedriver                        0x00000001005839ed chromedriver + 895469\nE       7   chromedriver                        0x000000010059e856 chromedriver + 1005654\nE       8   chromedriver                        0x0000000100583793 chromedriver + 894867\nE       9   chromedriver                        0x000000010055121f chromedriver + 688671\nE       10  chromedriver                        0x000000010055256e chromedriver + 693614\nE       11  chromedriver                        0x0000000100921bb7 chromedriver + 4688823\nE       12  chromedriver                        0x0000000100926a51 chromedriver + 4708945\nE       13  chromedriver                        0x000000010092d40f chromedriver + 4736015\nE       14  chromedriver                        0x000000010092791a chromedriver + 4712730\nE       15  chromedriver                        0x00000001008fa87c chromedriver + 4528252\nE       16  chromedriver                        0x0000000100946f28 chromedriver + 4841256\nE       17  chromedriver                        0x00000001009470a7 chromedriver + 4841639\nE       18  chromedriver                        0x000000010095828f chromedriver + 4911759\nE       19  libsystem_pthread.dylib             0x00007fff204068fc _pthread_start + 224\nE       20  libsystem_pthread.dylib             0x00007fff20402443 thread_start + 15\n\n/usr/local/lib/python3.11/site-packages/selenium/webdriver/support/wait.py:95: TimeoutException","steps":[{"name":"User logs in","time":{"start":1684825090955,"stop":1684825133119,"duration":42164},"status":"broken","statusMessage":"selenium.common.exceptions.TimeoutException: Message: \nStacktrace:\n0   chromedriver                        0x0000000100967598 chromedriver + 4973976\n1   chromedriver                        0x000000010095e913 chromedriver + 4938003\n2   chromedriver                        0x000000010051bcd6 chromedriver + 470230\n3   chromedriver                        0x000000010055f2ff chromedriver + 746239\n4   chromedriver                        0x000000010055f591 chromedriver + 746897\n5   chromedriver                        0x00000001005a1384 chromedriver + 1016708\n6   chromedriver                        0x00000001005839ed chromedriver + 895469\n7   chromedriver                        0x000000010059e856 chromedriver + 1005654\n8   chromedriver                        0x0000000100583793 chromedriver + 894867\n9   chromedriver                        0x000000010055121f chromedriver + 688671\n10  chromedriver                        0x000000010055256e chromedriver + 693614\n11  chromedriver                        0x0000000100921bb7 chromedriver + 4688823\n12  chromedriver                        0x0000000100926a51 chromedriver + 4708945\n13  chromedriver                        0x000000010092d40f chromedriver + 4736015\n14  chromedriver                        0x000000010092791a chromedriver + 4712730\n15  chromedriver                        0x00000001008fa87c chromedriver + 4528252\n16  chromedriver                        0x0000000100946f28 chromedriver + 4841256\n17  chromedriver                        0x00000001009470a7 chromedriver + 4841639\n18  chromedriver                        0x000000010095828f chromedriver + 4911759\n19  libsystem_pthread.dylib             0x00007fff204068fc _pthread_start + 224\n20  libsystem_pthread.dylib             0x00007fff20402443 thread_start + 15\n\n","statusTrace":"  File \"/usr/local/lib/python3.11/site-packages/allure_commons/_allure.py\", line 192, in impl\n    return func(*a, **kw)\n           ^^^^^^^^^^^^^^\n  File \"/Users/alya/Documents/selenium-ci-cd/pages/login_page.py\", line 56, in login_existing_user\n    assert self.get_user_name() == \"Hi, \"+username\n           ^^^^^^^^^^^^^^^^^^^^\n  File \"/usr/local/lib/python3.11/site-packages/allure_commons/_allure.py\", line 192, in impl\n    return func(*a, **kw)\n           ^^^^^^^^^^^^^^\n  File \"/Users/alya/Documents/selenium-ci-cd/pages/nav_bar_page.py\", line 25, in get_user_name\n    return self.get_text(self.LOGGED_IN_USER)\n           ^^^^^^^^^^^^^^^^^^^^^^^^^^^^^^^^^^\n  File \"/Users/alya/Documents/selenium-ci-cd/pages/base_page.py\", line 33, in get_text\n    element: WebElement = self.wait.until(\n                          ^^^^^^^^^^^^^^^^\n  File \"/usr/local/lib/python3.11/site-packages/selenium/webdriver/support/wait.py\", line 95, in until\n    raise TimeoutException(message, screen, stacktrace)\n","steps":[{"name":"User clicks login icon in nav bar","time":{"start":1684825090955,"stop":1684825093328,"duration":2373},"status":"passed","steps":[],"attachments":[],"parameters":[],"stepsCount":0,"attachmentsCount":0,"shouldDisplayMessage":false,"hasContent":false},{"name":"Fill phone number","time":{"start":1684825093328,"stop":1684825097909,"duration":4581},"status":"passed","steps":[],"attachments":[],"parameters":[{"name":"phone_number","value":"'01116888790'"}],"stepsCount":0,"attachmentsCount":0,"shouldDisplayMessage":false,"hasContent":true},{"name":"User clicks start exploring","time":{"start":1684825097909,"stop":1684825098841,"duration":932},"status":"passed","steps":[],"attachments":[],"parameters":[],"stepsCount":0,"attachmentsCount":0,"shouldDisplayMessage":false,"hasContent":false},{"name":"User fill password","time":{"start":1684825098841,"stop":1684825100390,"duration":1549},"status":"passed","steps":[],"attachments":[],"parameters":[{"name":"password","value":"'test'"}],"stepsCount":0,"attachmentsCount":0,"shouldDisplayMessage":false,"hasContent":true},{"name":"User clicks login button","time":{"start":1684825100391,"stop":1684825101493,"duration":1102},"status":"passed","steps":[],"attachments":[],"parameters":[],"stepsCount":0,"attachmentsCount":0,"shouldDisplayMessage":false,"hasContent":false},{"name":"Return username when user logged in","time":{"start":1684825101493,"stop":1684825133110,"duration":31617},"status":"broken","statusMessage":"selenium.common.exceptions.TimeoutException: Message: \nStacktrace:\n0   chromedriver                        0x0000000100967598 chromedriver + 4973976\n1   chromedriver                        0x000000010095e913 chromedriver + 4938003\n2   chromedriver                        0x000000010051bcd6 chromedriver + 470230\n3   chromedriver                        0x000000010055f2ff chromedriver + 746239\n4   chromedriver                        0x000000010055f591 chromedriver + 746897\n5   chromedriver                        0x00000001005a1384 chromedriver + 1016708\n6   chromedriver                        0x00000001005839ed chromedriver + 895469\n7   chromedriver                        0x000000010059e856 chromedriver + 1005654\n8   chromedriver                        0x0000000100583793 chromedriver + 894867\n9   chromedriver                        0x000000010055121f chromedriver + 688671\n10  chromedriver                        0x000000010055256e chromedriver + 693614\n11  chromedriver                        0x0000000100921bb7 chromedriver + 4688823\n12  chromedriver                        0x0000000100926a51 chromedriver + 4708945\n13  chromedriver                        0x000000010092d40f chromedriver + 4736015\n14  chromedriver                        0x000000010092791a chromedriver + 4712730\n15  chromedriver                        0x00000001008fa87c chromedriver + 4528252\n16  chromedriver                        0x0000000100946f28 chromedriver + 4841256\n17  chromedriver                        0x00000001009470a7 chromedriver + 4841639\n18  chromedriver                        0x000000010095828f chromedriver + 4911759\n19  libsystem_pthread.dylib             0x00007fff204068fc _pthread_start + 224\n20  libsystem_pthread.dylib             0x00007fff20402443 thread_start + 15\n\n","statusTrace":"  File \"/usr/local/lib/python3.11/site-packages/allure_commons/_allure.py\", line 192, in impl\n    return func(*a, **kw)\n           ^^^^^^^^^^^^^^\n  File \"/Users/alya/Documents/selenium-ci-cd/pages/nav_bar_page.py\", line 25, in get_user_name\n    return self.get_text(self.LOGGED_IN_USER)\n           ^^^^^^^^^^^^^^^^^^^^^^^^^^^^^^^^^^\n  File \"/Users/alya/Documents/selenium-ci-cd/pages/base_page.py\", line 33, in get_text\n    element: WebElement = self.wait.until(\n                          ^^^^^^^^^^^^^^^^\n  File \"/usr/local/lib/python3.11/site-packages/selenium/webdriver/support/wait.py\", line 95, in until\n    raise TimeoutException(message, screen, stacktrace)\n","steps":[],"attachments":[],"parameters":[],"stepsCount":0,"attachmentsCount":0,"shouldDisplayMessage":true,"hasContent":true}],"attachments":[],"parameters":[{"name":"phone_number","value":"'01116888790'"},{"name":"password","value":"'test'"},{"name":"username","value":"'alyaothman'"}],"stepsCount":6,"attachmentsCount":0,"shouldDisplayMessage":false,"hasContent":true}],"attachments":[{"uid":"14151319023e67da","name":"stderr","source":"14151319023e67da.txt","type":"text/plain","size":1586}],"parameters":[],"stepsCount":7,"attachmentsCount":1,"shouldDisplayMessage":true,"hasContent":true},"afterStages":[{"name":"setup::0","time":{"start":1684825133198,"stop":1684825133898,"duration":700},"status":"passed","steps":[],"attachments":[{"uid":"d8cc513b99c4e42b","name":"Screenshot","source":"d8cc513b99c4e42b.png","type":"image/png","size":857864}],"parameters":[],"stepsCount":0,"attachmentsCount":1,"shouldDisplayMessage":false,"hasContent":true}],"labels":[{"name":"tag","value":"chrome"},{"name":"story","value":"Login functionality"},{"name":"tag","value":"@pytest.mark.usefixtures('setup')"},{"name":"parentSuite","value":"tests"},{"name":"suite","value":"test_login"},{"name":"subSuite","value":"TestLogin"},{"name":"host","value":"MacBook-Pro.local"},{"name":"thread","value":"40403-MainThread"},{"name":"framework","value":"pytest"},{"name":"language","value":"cpython3"},{"name":"package","value":"tests.test_login"},{"name":"resultFormat","value":"allure2"}],"parameters":[{"name":"browser","value":"'chrome'"}],"links":[],"hidden":false,"retry":false,"extra":{"severity":"normal","retries":[],"categories":[{"name":"Test defects","matchedStatuses":[],"flaky":false}],"history":{"statistic":{"failed":0,"broken":5,"skipped":0,"passed":0,"unknown":0,"total":5},"items":[{"uid":"10b9e419c2a1a22d","reportUrl":"../5/index.html#testresult/10b9e419c2a1a22d","status":"broken","statusDetails":"selenium.common.exceptions.TimeoutException: Message: \nStacktrace:\n0   chromedriver                        0x0000000100967598 chromedriver + 4973976\n1   chromedriver                        0x000000010095e913 chromedriver + 4938003\n2   chromedriver                        0x000000010051bcd6 chromedriver + 470230\n3   chromedriver                        0x000000010055f2ff chromedriver + 746239\n4   chromedriver                        0x000000010055f591 chromedriver + 746897\n5   chromedriver                        0x00000001005a1384 chromedriver + 1016708\n6   chromedriver                        0x00000001005839ed chromedriver + 895469\n7   chromedriver                        0x000000010059e856 chromedriver + 1005654\n8   chromedriver                        0x0000000100583793 chromedriver + 894867\n9   chromedriver                        0x000000010055121f chromedriver + 688671\n10  chromedriver                        0x000000010055256e chromedriver + 693614\n11  chromedriver                        0x0000000100921bb7 chromedriver + 4688823\n12  chromedriver                        0x0000000100926a51 chromedriver + 4708945\n13  chromedriver                        0x000000010092d40f chromedriver + 4736015\n14  chromedriver                        0x000000010092791a chromedriver + 4712730\n15  chromedriver                        0x00000001008fa87c chromedriver + 4528252\n16  chromedriver                        0x0000000100946f28 chromedriver + 4841256\n17  chromedriver                        0x00000001009470a7 chromedriver + 4841639\n18  chromedriver                        0x000000010095828f chromedriver + 4911759\n19  libsystem_pthread.dylib             0x00007fff204068fc _pthread_start + 224\n20  libsystem_pthread.dylib             0x00007fff20402443 thread_start + 15","time":{"start":1684825090955,"stop":1684825133127,"duration":42172}},{"uid":"d7b9bb25454da721","reportUrl":"../4/index.html#testresult/d7b9bb25454da721","status":"broken","statusDetails":"selenium.common.exceptions.TimeoutException: Message: \nStacktrace:\n0   chromedriver                        0x0000000100967598 chromedriver + 4973976\n1   chromedriver                        0x000000010095e913 chromedriver + 4938003\n2   chromedriver                        0x000000010051bcd6 chromedriver + 470230\n3   chromedriver                        0x000000010055f2ff chromedriver + 746239\n4   chromedriver                        0x000000010055f591 chromedriver + 746897\n5   chromedriver                        0x00000001005a1384 chromedriver + 1016708\n6   chromedriver                        0x00000001005839ed chromedriver + 895469\n7   chromedriver                        0x000000010059e856 chromedriver + 1005654\n8   chromedriver                        0x0000000100583793 chromedriver + 894867\n9   chromedriver                        0x000000010055121f chromedriver + 688671\n10  chromedriver                        0x000000010055256e chromedriver + 693614\n11  chromedriver                        0x0000000100921bb7 chromedriver + 4688823\n12  chromedriver                        0x0000000100926a51 chromedriver + 4708945\n13  chromedriver                        0x000000010092d40f chromedriver + 4736015\n14  chromedriver                        0x000000010092791a chromedriver + 4712730\n15  chromedriver                        0x00000001008fa87c chromedriver + 4528252\n16  chromedriver                        0x0000000100946f28 chromedriver + 4841256\n17  chromedriver                        0x00000001009470a7 chromedriver + 4841639\n18  chromedriver                        0x000000010095828f chromedriver + 4911759\n19  libsystem_pthread.dylib             0x00007fff204068fc _pthread_start + 224\n20  libsystem_pthread.dylib             0x00007fff20402443 thread_start + 15","time":{"start":1684825090955,"stop":1684825133127,"duration":42172}},{"uid":"e68d66859d770ad7","reportUrl":"../3/index.html#testresult/e68d66859d770ad7","status":"broken","statusDetails":"selenium.common.exceptions.TimeoutException: Message: \nStacktrace:\n0   chromedriver                        0x0000000100967598 chromedriver + 4973976\n1   chromedriver                        0x000000010095e913 chromedriver + 4938003\n2   chromedriver                        0x000000010051bcd6 chromedriver + 470230\n3   chromedriver                        0x000000010055f2ff chromedriver + 746239\n4   chromedriver                        0x000000010055f591 chromedriver + 746897\n5   chromedriver                        0x00000001005a1384 chromedriver + 1016708\n6   chromedriver                        0x00000001005839ed chromedriver + 895469\n7   chromedriver                        0x000000010059e856 chromedriver + 1005654\n8   chromedriver                        0x0000000100583793 chromedriver + 894867\n9   chromedriver                        0x000000010055121f chromedriver + 688671\n10  chromedriver                        0x000000010055256e chromedriver + 693614\n11  chromedriver                        0x0000000100921bb7 chromedriver + 4688823\n12  chromedriver                        0x0000000100926a51 chromedriver + 4708945\n13  chromedriver                        0x000000010092d40f chromedriver + 4736015\n14  chromedriver                        0x000000010092791a chromedriver + 4712730\n15  chromedriver                        0x00000001008fa87c chromedriver + 4528252\n16  chromedriver                        0x0000000100946f28 chromedriver + 4841256\n17  chromedriver                        0x00000001009470a7 chromedriver + 4841639\n18  chromedriver                        0x000000010095828f chromedriver + 4911759\n19  libsystem_pthread.dylib             0x00007fff204068fc _pthread_start + 224\n20  libsystem_pthread.dylib             0x00007fff20402443 thread_start + 15","time":{"start":1684825090955,"stop":1684825133127,"duration":42172}},{"uid":"c9151328cf7d7c91","reportUrl":"../2/index.html#testresult/c9151328cf7d7c91","status":"broken","statusDetails":"selenium.common.exceptions.TimeoutException: Message: \nStacktrace:\n0   chromedriver                        0x0000000100967598 chromedriver + 4973976\n1   chromedriver                        0x000000010095e913 chromedriver + 4938003\n2   chromedriver                        0x000000010051bcd6 chromedriver + 470230\n3   chromedriver                        0x000000010055f2ff chromedriver + 746239\n4   chromedriver                        0x000000010055f591 chromedriver + 746897\n5   chromedriver                        0x00000001005a1384 chromedriver + 1016708\n6   chromedriver                        0x00000001005839ed chromedriver + 895469\n7   chromedriver                        0x000000010059e856 chromedriver + 1005654\n8   chromedriver                        0x0000000100583793 chromedriver + 894867\n9   chromedriver                        0x000000010055121f chromedriver + 688671\n10  chromedriver                        0x000000010055256e chromedriver + 693614\n11  chromedriver                        0x0000000100921bb7 chromedriver + 4688823\n12  chromedriver                        0x0000000100926a51 chromedriver + 4708945\n13  chromedriver                        0x000000010092d40f chromedriver + 4736015\n14  chromedriver                        0x000000010092791a chromedriver + 4712730\n15  chromedriver                        0x00000001008fa87c chromedriver + 4528252\n16  chromedriver                        0x0000000100946f28 chromedriver + 4841256\n17  chromedriver                        0x00000001009470a7 chromedriver + 4841639\n18  chromedriver                        0x000000010095828f chromedriver + 4911759\n19  libsystem_pthread.dylib             0x00007fff204068fc _pthread_start + 224\n20  libsystem_pthread.dylib             0x00007fff20402443 thread_start + 15","time":{"start":1684825090955,"stop":1684825133127,"duration":42172}}]},"tags":["chrome","@pytest.mark.usefixtures('setup')"]},"source":"57a37b944c61d9ce.json","parameterValues":["'chrome'"]}