{"uid":"b76fab88fc09feb9","name":"User is able to login,this should fail","fullName":"tests.test_login.TestLogin#test_user_login","historyId":"39cff70f68670e41090de5b2f95773fe","time":{"start":1684827270588,"stop":1684827309355,"duration":38767},"description":"User is able to login","descriptionHtml":"<p>User is able to login</p>\n","status":"broken","statusMessage":"selenium.common.exceptions.TimeoutException: Message: \nStacktrace:\n#0 0xaaaac4f2679c <unknown>\n#1 0xaaaac4c9b3cc <unknown>\n#2 0xaaaac4ccf0e0 <unknown>\n#3 0xaaaac4d03d2c <unknown>\n#4 0xaaaac4cc547c <unknown>\n#5 0xaaaac4cc6894 <unknown>\n#6 0xaaaac4ef4a7c <unknown>\n#7 0xaaaac4ef700c <unknown>\n#8 0xaaaac4ef6bac <unknown>\n#9 0xaaaac4efd4d8 <unknown>\n#10 0xaaaac4ef7924 <unknown>\n#11 0xaaaac4ed6e20 <unknown>\n#12 0xaaaac4f10eec <unknown>\n#13 0xaaaac4f110b8 <unknown>\n#14 0xaaaac4f1f170 <unknown>\n#15 0xffffa6cfedd8 <unknown>\n#16 0xffffa6d67e5c <unknown>","statusTrace":"self = <tests.test_login.TestLogin object at 0xffffb9a5fd90>\n\n>   ???\n\n/Users/alya/Documents/selenium-ci-cd/tests/test_login.py:35: \n_ _ _ _ _ _ _ _ _ _ _ _ _ _ _ _ _ _ _ _ _ _ _ _ _ _ _ _ _ _ _ _ _ _ _ _ _ _ _ _ \npages/login_page.py:56: in login_existing_user\n    assert self.get_user_name() == \"Hi, \"+username\npages/nav_bar_page.py:25: in get_user_name\n    return self.get_text(self.LOGGED_IN_USER)\npages/base_page.py:33: in get_text\n    element: WebElement = self.wait.until(\n_ _ _ _ _ _ _ _ _ _ _ _ _ _ _ _ _ _ _ _ _ _ _ _ _ _ _ _ _ _ _ _ _ _ _ _ _ _ _ _ \n\nself = <selenium.webdriver.support.wait.WebDriverWait (session=\"46780d39136332f2b6c266a4f6644c4e\")>\nmethod = <function visibility_of_element_located.<locals>._predicate at 0xffffb9c5cf40>\nmessage = ''\n\n    def until(self, method, message: str = \"\"):\n        \"\"\"Calls the method provided with the driver as an argument until the \\\n        return value does not evaluate to ``False``.\n    \n        :param method: callable(WebDriver)\n        :param message: optional message for :exc:`TimeoutException`\n        :returns: the result of the last call to `method`\n        :raises: :exc:`selenium.common.exceptions.TimeoutException` if timeout occurs\n        \"\"\"\n        screen = None\n        stacktrace = None\n    \n        end_time = time.monotonic() + self._timeout\n        while True:\n            try:\n                value = method(self._driver)\n                if value:\n                    return value\n            except self._ignored_exceptions as exc:\n                screen = getattr(exc, \"screen\", None)\n                stacktrace = getattr(exc, \"stacktrace\", None)\n            time.sleep(self._poll)\n            if time.monotonic() > end_time:\n                break\n>       raise TimeoutException(message, screen, stacktrace)\nE       selenium.common.exceptions.TimeoutException: Message: \nE       Stacktrace:\nE       #0 0xaaaac4f2679c <unknown>\nE       #1 0xaaaac4c9b3cc <unknown>\nE       #2 0xaaaac4ccf0e0 <unknown>\nE       #3 0xaaaac4d03d2c <unknown>\nE       #4 0xaaaac4cc547c <unknown>\nE       #5 0xaaaac4cc6894 <unknown>\nE       #6 0xaaaac4ef4a7c <unknown>\nE       #7 0xaaaac4ef700c <unknown>\nE       #8 0xaaaac4ef6bac <unknown>\nE       #9 0xaaaac4efd4d8 <unknown>\nE       #10 0xaaaac4ef7924 <unknown>\nE       #11 0xaaaac4ed6e20 <unknown>\nE       #12 0xaaaac4f10eec <unknown>\nE       #13 0xaaaac4f110b8 <unknown>\nE       #14 0xaaaac4f1f170 <unknown>\nE       #15 0xffffa6cfedd8 <unknown>\nE       #16 0xffffa6d67e5c <unknown>\n\n/root/.local/share/virtualenvs/selenium-test-Ou9L0FGN/lib/python3.11/site-packages/selenium/webdriver/support/wait.py:95: TimeoutException","flaky":false,"newFailed":false,"newBroken":false,"newPassed":false,"retriesCount":0,"retriesStatusChange":false,"beforeStages":[{"name":"setup","time":{"start":1684827255776,"stop":1684827270583,"duration":14807},"status":"passed","steps":[],"attachments":[],"parameters":[],"stepsCount":0,"attachmentsCount":0,"shouldDisplayMessage":false,"hasContent":false}],"testStage":{"description":"User is able to login","status":"broken","statusMessage":"selenium.common.exceptions.TimeoutException: Message: \nStacktrace:\n#0 0xaaaac4f2679c <unknown>\n#1 0xaaaac4c9b3cc <unknown>\n#2 0xaaaac4ccf0e0 <unknown>\n#3 0xaaaac4d03d2c <unknown>\n#4 0xaaaac4cc547c <unknown>\n#5 0xaaaac4cc6894 <unknown>\n#6 0xaaaac4ef4a7c <unknown>\n#7 0xaaaac4ef700c <unknown>\n#8 0xaaaac4ef6bac <unknown>\n#9 0xaaaac4efd4d8 <unknown>\n#10 0xaaaac4ef7924 <unknown>\n#11 0xaaaac4ed6e20 <unknown>\n#12 0xaaaac4f10eec <unknown>\n#13 0xaaaac4f110b8 <unknown>\n#14 0xaaaac4f1f170 <unknown>\n#15 0xffffa6cfedd8 <unknown>\n#16 0xffffa6d67e5c <unknown>","statusTrace":"self = <tests.test_login.TestLogin object at 0xffffb9a5fd90>\n\n>   ???\n\n/Users/alya/Documents/selenium-ci-cd/tests/test_login.py:35: \n_ _ _ _ _ _ _ _ _ _ _ _ _ _ _ _ _ _ _ _ _ _ _ _ _ _ _ _ _ _ _ _ _ _ _ _ _ _ _ _ \npages/login_page.py:56: in login_existing_user\n    assert self.get_user_name() == \"Hi, \"+username\npages/nav_bar_page.py:25: in get_user_name\n    return self.get_text(self.LOGGED_IN_USER)\npages/base_page.py:33: in get_text\n    element: WebElement = self.wait.until(\n_ _ _ _ _ _ _ _ _ _ _ _ _ _ _ _ _ _ _ _ _ _ _ _ _ _ _ _ _ _ _ _ _ _ _ _ _ _ _ _ \n\nself = <selenium.webdriver.support.wait.WebDriverWait (session=\"46780d39136332f2b6c266a4f6644c4e\")>\nmethod = <function visibility_of_element_located.<locals>._predicate at 0xffffb9c5cf40>\nmessage = ''\n\n    def until(self, method, message: str = \"\"):\n        \"\"\"Calls the method provided with the driver as an argument until the \\\n        return value does not evaluate to ``False``.\n    \n        :param method: callable(WebDriver)\n        :param message: optional message for :exc:`TimeoutException`\n        :returns: the result of the last call to `method`\n        :raises: :exc:`selenium.common.exceptions.TimeoutException` if timeout occurs\n        \"\"\"\n        screen = None\n        stacktrace = None\n    \n        end_time = time.monotonic() + self._timeout\n        while True:\n            try:\n                value = method(self._driver)\n                if value:\n                    return value\n            except self._ignored_exceptions as exc:\n                screen = getattr(exc, \"screen\", None)\n                stacktrace = getattr(exc, \"stacktrace\", None)\n            time.sleep(self._poll)\n            if time.monotonic() > end_time:\n                break\n>       raise TimeoutException(message, screen, stacktrace)\nE       selenium.common.exceptions.TimeoutException: Message: \nE       Stacktrace:\nE       #0 0xaaaac4f2679c <unknown>\nE       #1 0xaaaac4c9b3cc <unknown>\nE       #2 0xaaaac4ccf0e0 <unknown>\nE       #3 0xaaaac4d03d2c <unknown>\nE       #4 0xaaaac4cc547c <unknown>\nE       #5 0xaaaac4cc6894 <unknown>\nE       #6 0xaaaac4ef4a7c <unknown>\nE       #7 0xaaaac4ef700c <unknown>\nE       #8 0xaaaac4ef6bac <unknown>\nE       #9 0xaaaac4efd4d8 <unknown>\nE       #10 0xaaaac4ef7924 <unknown>\nE       #11 0xaaaac4ed6e20 <unknown>\nE       #12 0xaaaac4f10eec <unknown>\nE       #13 0xaaaac4f110b8 <unknown>\nE       #14 0xaaaac4f1f170 <unknown>\nE       #15 0xffffa6cfedd8 <unknown>\nE       #16 0xffffa6d67e5c <unknown>\n\n/root/.local/share/virtualenvs/selenium-test-Ou9L0FGN/lib/python3.11/site-packages/selenium/webdriver/support/wait.py:95: TimeoutException","steps":[{"name":"User logs in","time":{"start":1684827270588,"stop":1684827309354,"duration":38766},"status":"broken","statusMessage":"selenium.common.exceptions.TimeoutException: Message: \nStacktrace:\n#0 0xaaaac4f2679c <unknown>\n#1 0xaaaac4c9b3cc <unknown>\n#2 0xaaaac4ccf0e0 <unknown>\n#3 0xaaaac4d03d2c <unknown>\n#4 0xaaaac4cc547c <unknown>\n#5 0xaaaac4cc6894 <unknown>\n#6 0xaaaac4ef4a7c <unknown>\n#7 0xaaaac4ef700c <unknown>\n#8 0xaaaac4ef6bac <unknown>\n#9 0xaaaac4efd4d8 <unknown>\n#10 0xaaaac4ef7924 <unknown>\n#11 0xaaaac4ed6e20 <unknown>\n#12 0xaaaac4f10eec <unknown>\n#13 0xaaaac4f110b8 <unknown>\n#14 0xaaaac4f1f170 <unknown>\n#15 0xffffa6cfedd8 <unknown>\n#16 0xffffa6d67e5c <unknown>\n\n","statusTrace":"  File \"/root/.local/share/virtualenvs/selenium-test-Ou9L0FGN/lib/python3.11/site-packages/allure_commons/_allure.py\", line 192, in impl\n    return func(*a, **kw)\n           ^^^^^^^^^^^^^^\n  File \"/home/selenium-test/pages/login_page.py\", line 56, in login_existing_user\n    assert self.get_user_name() == \"Hi, \"+username\n           ^^^^^^^^^^^^^^^^^^^^\n  File \"/root/.local/share/virtualenvs/selenium-test-Ou9L0FGN/lib/python3.11/site-packages/allure_commons/_allure.py\", line 192, in impl\n    return func(*a, **kw)\n           ^^^^^^^^^^^^^^\n  File \"/home/selenium-test/pages/nav_bar_page.py\", line 25, in get_user_name\n    return self.get_text(self.LOGGED_IN_USER)\n           ^^^^^^^^^^^^^^^^^^^^^^^^^^^^^^^^^^\n  File \"/home/selenium-test/pages/base_page.py\", line 33, in get_text\n    element: WebElement = self.wait.until(\n                          ^^^^^^^^^^^^^^^^\n  File \"/root/.local/share/virtualenvs/selenium-test-Ou9L0FGN/lib/python3.11/site-packages/selenium/webdriver/support/wait.py\", line 95, in until\n    raise TimeoutException(message, screen, stacktrace)\n","steps":[{"name":"User clicks login icon in nav bar","time":{"start":1684827270589,"stop":1684827272987,"duration":2398},"status":"passed","steps":[],"attachments":[],"parameters":[],"stepsCount":0,"attachmentsCount":0,"shouldDisplayMessage":false,"hasContent":false},{"name":"Fill phone number","time":{"start":1684827272989,"stop":1684827273902,"duration":913},"status":"passed","steps":[],"attachments":[],"parameters":[{"name":"phone_number","value":"'01116888790'"}],"stepsCount":0,"attachmentsCount":0,"shouldDisplayMessage":false,"hasContent":true},{"name":"User clicks start exploring","time":{"start":1684827273903,"stop":1684827274299,"duration":396},"status":"passed","steps":[],"attachments":[],"parameters":[],"stepsCount":0,"attachmentsCount":0,"shouldDisplayMessage":false,"hasContent":false},{"name":"User fill password","time":{"start":1684827274299,"stop":1684827276521,"duration":2222},"status":"passed","steps":[],"attachments":[],"parameters":[{"name":"password","value":"'test'"}],"stepsCount":0,"attachmentsCount":0,"shouldDisplayMessage":false,"hasContent":true},{"name":"User clicks login button","time":{"start":1684827276521,"stop":1684827277565,"duration":1044},"status":"passed","steps":[],"attachments":[],"parameters":[],"stepsCount":0,"attachmentsCount":0,"shouldDisplayMessage":false,"hasContent":false},{"name":"Return username when user logged in","time":{"start":1684827277566,"stop":1684827309351,"duration":31785},"status":"broken","statusMessage":"selenium.common.exceptions.TimeoutException: Message: \nStacktrace:\n#0 0xaaaac4f2679c <unknown>\n#1 0xaaaac4c9b3cc <unknown>\n#2 0xaaaac4ccf0e0 <unknown>\n#3 0xaaaac4d03d2c <unknown>\n#4 0xaaaac4cc547c <unknown>\n#5 0xaaaac4cc6894 <unknown>\n#6 0xaaaac4ef4a7c <unknown>\n#7 0xaaaac4ef700c <unknown>\n#8 0xaaaac4ef6bac <unknown>\n#9 0xaaaac4efd4d8 <unknown>\n#10 0xaaaac4ef7924 <unknown>\n#11 0xaaaac4ed6e20 <unknown>\n#12 0xaaaac4f10eec <unknown>\n#13 0xaaaac4f110b8 <unknown>\n#14 0xaaaac4f1f170 <unknown>\n#15 0xffffa6cfedd8 <unknown>\n#16 0xffffa6d67e5c <unknown>\n\n","statusTrace":"  File \"/root/.local/share/virtualenvs/selenium-test-Ou9L0FGN/lib/python3.11/site-packages/allure_commons/_allure.py\", line 192, in impl\n    return func(*a, **kw)\n           ^^^^^^^^^^^^^^\n  File \"/home/selenium-test/pages/nav_bar_page.py\", line 25, in get_user_name\n    return self.get_text(self.LOGGED_IN_USER)\n           ^^^^^^^^^^^^^^^^^^^^^^^^^^^^^^^^^^\n  File \"/home/selenium-test/pages/base_page.py\", line 33, in get_text\n    element: WebElement = self.wait.until(\n                          ^^^^^^^^^^^^^^^^\n  File \"/root/.local/share/virtualenvs/selenium-test-Ou9L0FGN/lib/python3.11/site-packages/selenium/webdriver/support/wait.py\", line 95, in until\n    raise TimeoutException(message, screen, stacktrace)\n","steps":[],"attachments":[],"parameters":[],"stepsCount":0,"attachmentsCount":0,"shouldDisplayMessage":true,"hasContent":true}],"attachments":[],"parameters":[{"name":"phone_number","value":"'01116888790'"},{"name":"password","value":"'test'"},{"name":"username","value":"'alyaothman'"}],"stepsCount":6,"attachmentsCount":0,"shouldDisplayMessage":false,"hasContent":true}],"attachments":[{"uid":"9e248be1336f402","name":"stdout","source":"9e248be1336f402.txt","type":"text/plain","size":54}],"parameters":[],"stepsCount":7,"attachmentsCount":1,"shouldDisplayMessage":true,"hasContent":true},"afterStages":[{"name":"setup::0","time":{"start":1684827309399,"stop":1684827310427,"duration":1028},"status":"passed","steps":[],"attachments":[{"uid":"9c9c8f0e1859ebf2","name":"Screenshot","source":"9c9c8f0e1859ebf2.png","type":"image/png","size":109103}],"parameters":[],"stepsCount":0,"attachmentsCount":1,"shouldDisplayMessage":false,"hasContent":true}],"labels":[{"name":"tag","value":"chrome"},{"name":"story","value":"Login functionality"},{"name":"tag","value":"@pytest.mark.usefixtures('setup')"},{"name":"parentSuite","value":"tests"},{"name":"suite","value":"test_login"},{"name":"subSuite","value":"TestLogin"},{"name":"host","value":"c84a2fb0e6ff"},{"name":"thread","value":"26-MainThread"},{"name":"framework","value":"pytest"},{"name":"language","value":"cpython3"},{"name":"package","value":"tests.test_login"},{"name":"resultFormat","value":"allure2"}],"parameters":[{"name":"browser","value":"'chrome'"}],"links":[],"hidden":true,"retry":true,"extra":{"categories":[],"tags":["chrome","@pytest.mark.usefixtures('setup')"]},"source":"b76fab88fc09feb9.json","parameterValues":["'chrome'"]}