{"uid":"a7d08686018d126","name":"User is not allowed to enter alpha characters","fullName":"tests.test_login.TestLogin#test_invalid_input_number","historyId":"2134688c9ef20ecac430c10444678427","time":{"start":1684754344185,"stop":1684754380393,"duration":36208},"description":"User is not allowed to enter alpha characters","descriptionHtml":"<p>User is not allowed to enter alpha characters</p>\n","status":"broken","statusMessage":"selenium.common.exceptions.TimeoutException: Message:","statusTrace":"self = <tests.test_login.TestLogin object at 0xffff7b064550>\n\n>   ???\n\n/Users/alya/Documents/selenium-ci-cd/tests/test_login.py:24: \n_ _ _ _ _ _ _ _ _ _ _ _ _ _ _ _ _ _ _ _ _ _ _ _ _ _ _ _ _ _ _ _ _ _ _ _ _ _ _ _ \npages/login_page.py:31: in fill_phone_number\n    self.fill_text(self.MOBILE_NUMBER, phone_number)\npages/base_page.py:26: in fill_text\n    element: WebElement = self.wait.until(\n_ _ _ _ _ _ _ _ _ _ _ _ _ _ _ _ _ _ _ _ _ _ _ _ _ _ _ _ _ _ _ _ _ _ _ _ _ _ _ _ \n\nself = <selenium.webdriver.support.wait.WebDriverWait (session=\"5c3164a85d3a50a00949a5f3231fb377\")>\nmethod = <function visibility_of_element_located.<locals>._predicate at 0xffff7b058f40>\nmessage = ''\n\n    def until(self, method, message: str = \"\"):\n        \"\"\"Calls the method provided with the driver as an argument until the \\\n        return value does not evaluate to ``False``.\n    \n        :param method: callable(WebDriver)\n        :param message: optional message for :exc:`TimeoutException`\n        :returns: the result of the last call to `method`\n        :raises: :exc:`selenium.common.exceptions.TimeoutException` if timeout occurs\n        \"\"\"\n        screen = None\n        stacktrace = None\n    \n        end_time = time.monotonic() + self._timeout\n        while True:\n            try:\n                value = method(self._driver)\n                if value:\n                    return value\n            except self._ignored_exceptions as exc:\n                screen = getattr(exc, \"screen\", None)\n                stacktrace = getattr(exc, \"stacktrace\", None)\n            time.sleep(self._poll)\n            if time.monotonic() > end_time:\n                break\n>       raise TimeoutException(message, screen, stacktrace)\nE       selenium.common.exceptions.TimeoutException: Message:\n\n/root/.local/share/virtualenvs/selenium-test-Ou9L0FGN/lib/python3.11/site-packages/selenium/webdriver/support/wait.py:95: TimeoutException","flaky":false,"newFailed":false,"newBroken":false,"newPassed":false,"retriesCount":0,"retriesStatusChange":false,"beforeStages":[{"name":"setup","time":{"start":1684754328531,"stop":1684754344178,"duration":15647},"status":"passed","steps":[],"attachments":[],"parameters":[],"stepsCount":0,"attachmentsCount":0,"shouldDisplayMessage":false,"hasContent":false}],"testStage":{"description":"User is not allowed to enter alpha characters","status":"broken","statusMessage":"selenium.common.exceptions.TimeoutException: Message:","statusTrace":"self = <tests.test_login.TestLogin object at 0xffff7b064550>\n\n>   ???\n\n/Users/alya/Documents/selenium-ci-cd/tests/test_login.py:24: \n_ _ _ _ _ _ _ _ _ _ _ _ _ _ _ _ _ _ _ _ _ _ _ _ _ _ _ _ _ _ _ _ _ _ _ _ _ _ _ _ \npages/login_page.py:31: in fill_phone_number\n    self.fill_text(self.MOBILE_NUMBER, phone_number)\npages/base_page.py:26: in fill_text\n    element: WebElement = self.wait.until(\n_ _ _ _ _ _ _ _ _ _ _ _ _ _ _ _ _ _ _ _ _ _ _ _ _ _ _ _ _ _ _ _ _ _ _ _ _ _ _ _ \n\nself = <selenium.webdriver.support.wait.WebDriverWait (session=\"5c3164a85d3a50a00949a5f3231fb377\")>\nmethod = <function visibility_of_element_located.<locals>._predicate at 0xffff7b058f40>\nmessage = ''\n\n    def until(self, method, message: str = \"\"):\n        \"\"\"Calls the method provided with the driver as an argument until the \\\n        return value does not evaluate to ``False``.\n    \n        :param method: callable(WebDriver)\n        :param message: optional message for :exc:`TimeoutException`\n        :returns: the result of the last call to `method`\n        :raises: :exc:`selenium.common.exceptions.TimeoutException` if timeout occurs\n        \"\"\"\n        screen = None\n        stacktrace = None\n    \n        end_time = time.monotonic() + self._timeout\n        while True:\n            try:\n                value = method(self._driver)\n                if value:\n                    return value\n            except self._ignored_exceptions as exc:\n                screen = getattr(exc, \"screen\", None)\n                stacktrace = getattr(exc, \"stacktrace\", None)\n            time.sleep(self._poll)\n            if time.monotonic() > end_time:\n                break\n>       raise TimeoutException(message, screen, stacktrace)\nE       selenium.common.exceptions.TimeoutException: Message:\n\n/root/.local/share/virtualenvs/selenium-test-Ou9L0FGN/lib/python3.11/site-packages/selenium/webdriver/support/wait.py:95: TimeoutException","steps":[{"name":"User clicks login icon in nav bar","time":{"start":1684754344186,"stop":1684754350060,"duration":5874},"status":"passed","steps":[],"attachments":[],"parameters":[],"stepsCount":0,"attachmentsCount":0,"shouldDisplayMessage":false,"hasContent":false},{"name":"Fill phone number","time":{"start":1684754350061,"stop":1684754380389,"duration":30328},"status":"broken","statusMessage":"selenium.common.exceptions.TimeoutException: Message: \n\n","statusTrace":"  File \"/root/.local/share/virtualenvs/selenium-test-Ou9L0FGN/lib/python3.11/site-packages/allure_commons/_allure.py\", line 192, in impl\n    return func(*a, **kw)\n           ^^^^^^^^^^^^^^\n  File \"/home/selenium-test/pages/login_page.py\", line 31, in fill_phone_number\n    self.fill_text(self.MOBILE_NUMBER, phone_number)\n  File \"/home/selenium-test/pages/base_page.py\", line 26, in fill_text\n    element: WebElement = self.wait.until(\n                          ^^^^^^^^^^^^^^^^\n  File \"/root/.local/share/virtualenvs/selenium-test-Ou9L0FGN/lib/python3.11/site-packages/selenium/webdriver/support/wait.py\", line 95, in until\n    raise TimeoutException(message, screen, stacktrace)\n","steps":[],"attachments":[],"parameters":[{"name":"phone_number","value":"'aaaa'"}],"stepsCount":0,"attachmentsCount":0,"shouldDisplayMessage":true,"hasContent":true}],"attachments":[{"uid":"edf0d0353a98e52d","name":"stdout","source":"edf0d0353a98e52d.txt","type":"text/plain","size":54}],"parameters":[],"stepsCount":2,"attachmentsCount":1,"shouldDisplayMessage":true,"hasContent":true},"afterStages":[{"name":"setup::0","time":{"start":1684754380432,"stop":1684754381449,"duration":1017},"status":"passed","steps":[],"attachments":[{"uid":"9730837049c06efe","name":"Screenshot","source":"9730837049c06efe.png","type":"image/png","size":377042}],"parameters":[],"stepsCount":0,"attachmentsCount":1,"shouldDisplayMessage":false,"hasContent":true}],"labels":[{"name":"tag","value":"chrome"},{"name":"story","value":"Login functionality"},{"name":"tag","value":"@pytest.mark.usefixtures('setup')"},{"name":"parentSuite","value":"tests"},{"name":"suite","value":"test_login"},{"name":"subSuite","value":"TestLogin"},{"name":"host","value":"f787a93f4bbd"},{"name":"thread","value":"15-MainThread"},{"name":"framework","value":"pytest"},{"name":"language","value":"cpython3"},{"name":"package","value":"tests.test_login"},{"name":"resultFormat","value":"allure2"}],"parameters":[{"name":"browser","value":"'chrome'"}],"links":[],"hidden":false,"retry":false,"extra":{"severity":"normal","retries":[],"categories":[{"name":"Test defects","matchedStatuses":[],"flaky":false}],"tags":["chrome","@pytest.mark.usefixtures('setup')"]},"source":"a7d08686018d126.json","parameterValues":["'chrome'"]}