{"name": "User is able to login,this should fail", "status": "broken", "statusDetails": {"message": "selenium.common.exceptions.TimeoutException: Message: \nStacktrace:\n#0 0xaaaaba2f679c <unknown>\n#1 0xaaaaba06b3cc <unknown>\n#2 0xaaaaba09f0e0 <unknown>\n#3 0xaaaaba0d3d2c <unknown>\n#4 0xaaaaba09547c <unknown>\n#5 0xaaaaba096894 <unknown>\n#6 0xaaaaba2c4a7c <unknown>\n#7 0xaaaaba2c700c <unknown>\n#8 0xaaaaba2c6bac <unknown>\n#9 0xaaaaba2cd4d8 <unknown>\n#10 0xaaaaba2c7924 <unknown>\n#11 0xaaaaba2a6e20 <unknown>\n#12 0xaaaaba2e0eec <unknown>\n#13 0xaaaaba2e10b8 <unknown>\n#14 0xaaaaba2ef170 <unknown>\n#15 0xffffbb5dedd8 <unknown>\n#16 0xffffbb647e5c <unknown>", "trace": "self = <tests.test_login.TestLogin object at 0xffffb9a5fd90>\n\n>   ???\n\n/Users/alya/Documents/selenium-ci-cd/tests/test_login.py:35: \n_ _ _ _ _ _ _ _ _ _ _ _ _ _ _ _ _ _ _ _ _ _ _ _ _ _ _ _ _ _ _ _ _ _ _ _ _ _ _ _ \npages/login_page.py:56: in login_existing_user\n    assert self.get_user_name() == \"Hi, \"+username\npages/nav_bar_page.py:25: in get_user_name\n    return self.get_text(self.LOGGED_IN_USER)\npages/base_page.py:33: in get_text\n    element: WebElement = self.wait.until(\n_ _ _ _ _ _ _ _ _ _ _ _ _ _ _ _ _ _ _ _ _ _ _ _ _ _ _ _ _ _ _ _ _ _ _ _ _ _ _ _ \n\nself = <selenium.webdriver.support.wait.WebDriverWait (session=\"c9d8aa144241c20cbacd8a6627647dce\")>\nmethod = <function visibility_of_element_located.<locals>._predicate at 0xffffb9a860c0>\nmessage = ''\n\n    def until(self, method, message: str = \"\"):\n        \"\"\"Calls the method provided with the driver as an argument until the \\\n        return value does not evaluate to ``False``.\n    \n        :param method: callable(WebDriver)\n        :param message: optional message for :exc:`TimeoutException`\n        :returns: the result of the last call to `method`\n        :raises: :exc:`selenium.common.exceptions.TimeoutException` if timeout occurs\n        \"\"\"\n        screen = None\n        stacktrace = None\n    \n        end_time = time.monotonic() + self._timeout\n        while True:\n            try:\n                value = method(self._driver)\n                if value:\n                    return value\n            except self._ignored_exceptions as exc:\n                screen = getattr(exc, \"screen\", None)\n                stacktrace = getattr(exc, \"stacktrace\", None)\n            time.sleep(self._poll)\n            if time.monotonic() > end_time:\n                break\n>       raise TimeoutException(message, screen, stacktrace)\nE       selenium.common.exceptions.TimeoutException: Message: \nE       Stacktrace:\nE       #0 0xaaaaba2f679c <unknown>\nE       #1 0xaaaaba06b3cc <unknown>\nE       #2 0xaaaaba09f0e0 <unknown>\nE       #3 0xaaaaba0d3d2c <unknown>\nE       #4 0xaaaaba09547c <unknown>\nE       #5 0xaaaaba096894 <unknown>\nE       #6 0xaaaaba2c4a7c <unknown>\nE       #7 0xaaaaba2c700c <unknown>\nE       #8 0xaaaaba2c6bac <unknown>\nE       #9 0xaaaaba2cd4d8 <unknown>\nE       #10 0xaaaaba2c7924 <unknown>\nE       #11 0xaaaaba2a6e20 <unknown>\nE       #12 0xaaaaba2e0eec <unknown>\nE       #13 0xaaaaba2e10b8 <unknown>\nE       #14 0xaaaaba2ef170 <unknown>\nE       #15 0xffffbb5dedd8 <unknown>\nE       #16 0xffffbb647e5c <unknown>\n\n/root/.local/share/virtualenvs/selenium-test-Ou9L0FGN/lib/python3.11/site-packages/selenium/webdriver/support/wait.py:95: TimeoutException"}, "description": "User is able to login", "steps": [{"name": "User logs in", "status": "broken", "statusDetails": {"message": "selenium.common.exceptions.TimeoutException: Message: \nStacktrace:\n#0 0xaaaaba2f679c <unknown>\n#1 0xaaaaba06b3cc <unknown>\n#2 0xaaaaba09f0e0 <unknown>\n#3 0xaaaaba0d3d2c <unknown>\n#4 0xaaaaba09547c <unknown>\n#5 0xaaaaba096894 <unknown>\n#6 0xaaaaba2c4a7c <unknown>\n#7 0xaaaaba2c700c <unknown>\n#8 0xaaaaba2c6bac <unknown>\n#9 0xaaaaba2cd4d8 <unknown>\n#10 0xaaaaba2c7924 <unknown>\n#11 0xaaaaba2a6e20 <unknown>\n#12 0xaaaaba2e0eec <unknown>\n#13 0xaaaaba2e10b8 <unknown>\n#14 0xaaaaba2ef170 <unknown>\n#15 0xffffbb5dedd8 <unknown>\n#16 0xffffbb647e5c <unknown>\n\n", "trace": "  File \"/root/.local/share/virtualenvs/selenium-test-Ou9L0FGN/lib/python3.11/site-packages/allure_commons/_allure.py\", line 192, in impl\n    return func(*a, **kw)\n           ^^^^^^^^^^^^^^\n  File \"/home/selenium-test/pages/login_page.py\", line 56, in login_existing_user\n    assert self.get_user_name() == \"Hi, \"+username\n           ^^^^^^^^^^^^^^^^^^^^\n  File \"/root/.local/share/virtualenvs/selenium-test-Ou9L0FGN/lib/python3.11/site-packages/allure_commons/_allure.py\", line 192, in impl\n    return func(*a, **kw)\n           ^^^^^^^^^^^^^^\n  File \"/home/selenium-test/pages/nav_bar_page.py\", line 25, in get_user_name\n    return self.get_text(self.LOGGED_IN_USER)\n           ^^^^^^^^^^^^^^^^^^^^^^^^^^^^^^^^^^\n  File \"/home/selenium-test/pages/base_page.py\", line 33, in get_text\n    element: WebElement = self.wait.until(\n                          ^^^^^^^^^^^^^^^^\n  File \"/root/.local/share/virtualenvs/selenium-test-Ou9L0FGN/lib/python3.11/site-packages/selenium/webdriver/support/wait.py\", line 95, in until\n    raise TimeoutException(message, screen, stacktrace)\n"}, "steps": [{"name": "User clicks login icon in nav bar", "status": "passed", "start": 1684827351867, "stop": 1684827352378}, {"name": "Fill phone number", "status": "passed", "parameters": [{"name": "phone_number", "value": "'01116888790'"}], "start": 1684827352378, "stop": 1684827353321}, {"name": "User clicks start exploring", "status": "passed", "start": 1684827353321, "stop": 1684827353690}, {"name": "User fill password", "status": "passed", "parameters": [{"name": "password", "value": "'test'"}], "start": 1684827353690, "stop": 1684827354568}, {"name": "User clicks login button", "status": "passed", "start": 1684827354568, "stop": 1684827354922}, {"name": "Return username when user logged in", "status": "broken", "statusDetails": {"message": "selenium.common.exceptions.TimeoutException: Message: \nStacktrace:\n#0 0xaaaaba2f679c <unknown>\n#1 0xaaaaba06b3cc <unknown>\n#2 0xaaaaba09f0e0 <unknown>\n#3 0xaaaaba0d3d2c <unknown>\n#4 0xaaaaba09547c <unknown>\n#5 0xaaaaba096894 <unknown>\n#6 0xaaaaba2c4a7c <unknown>\n#7 0xaaaaba2c700c <unknown>\n#8 0xaaaaba2c6bac <unknown>\n#9 0xaaaaba2cd4d8 <unknown>\n#10 0xaaaaba2c7924 <unknown>\n#11 0xaaaaba2a6e20 <unknown>\n#12 0xaaaaba2e0eec <unknown>\n#13 0xaaaaba2e10b8 <unknown>\n#14 0xaaaaba2ef170 <unknown>\n#15 0xffffbb5dedd8 <unknown>\n#16 0xffffbb647e5c <unknown>\n\n", "trace": "  File \"/root/.local/share/virtualenvs/selenium-test-Ou9L0FGN/lib/python3.11/site-packages/allure_commons/_allure.py\", line 192, in impl\n    return func(*a, **kw)\n           ^^^^^^^^^^^^^^\n  File \"/home/selenium-test/pages/nav_bar_page.py\", line 25, in get_user_name\n    return self.get_text(self.LOGGED_IN_USER)\n           ^^^^^^^^^^^^^^^^^^^^^^^^^^^^^^^^^^\n  File \"/home/selenium-test/pages/base_page.py\", line 33, in get_text\n    element: WebElement = self.wait.until(\n                          ^^^^^^^^^^^^^^^^\n  File \"/root/.local/share/virtualenvs/selenium-test-Ou9L0FGN/lib/python3.11/site-packages/selenium/webdriver/support/wait.py\", line 95, in until\n    raise TimeoutException(message, screen, stacktrace)\n"}, "start": 1684827354922, "stop": 1684827386503}], "parameters": [{"name": "phone_number", "value": "'01116888790'"}, {"name": "password", "value": "'test'"}, {"name": "username", "value": "'alyaothman'"}], "start": 1684827351867, "stop": 1684827386504}], "attachments": [{"name": "stdout", "source": "9d17d936-502a-48f6-9ae2-1eb6a2ca1b95-attachment.txt", "type": "text/plain"}], "parameters": [{"name": "browser", "value": "'chrome'"}], "start": 1684827351867, "stop": 1684827386505, "uuid": "4b2ba268-ed8d-484a-bcde-c3627d3c623f", "historyId": "39cff70f68670e41090de5b2f95773fe", "testCaseId": "0edf0a627e33dcf0062a7d9e3e848ac1", "fullName": "tests.test_login.TestLogin#test_user_login", "labels": [{"name": "tag", "value": "chrome"}, {"name": "story", "value": "Login functionality"}, {"name": "tag", "value": "@pytest.mark.usefixtures('setup')"}, {"name": "parentSuite", "value": "tests"}, {"name": "suite", "value": "test_login"}, {"name": "subSuite", "value": "TestLogin"}, {"name": "host", "value": "c84a2fb0e6ff"}, {"name": "thread", "value": "26-MainThread"}, {"name": "framework", "value": "pytest"}, {"name": "language", "value": "cpython3"}, {"name": "package", "value": "tests.test_login"}]}