{"name": "User is able to login,this should fail", "status": "broken", "statusDetails": {"message": "selenium.common.exceptions.TimeoutException: Message: \nStacktrace:\n#0 0xaaaac4f2679c <unknown>\n#1 0xaaaac4c9b3cc <unknown>\n#2 0xaaaac4ccf0e0 <unknown>\n#3 0xaaaac4d03d2c <unknown>\n#4 0xaaaac4cc547c <unknown>\n#5 0xaaaac4cc6894 <unknown>\n#6 0xaaaac4ef4a7c <unknown>\n#7 0xaaaac4ef700c <unknown>\n#8 0xaaaac4ef6bac <unknown>\n#9 0xaaaac4efd4d8 <unknown>\n#10 0xaaaac4ef7924 <unknown>\n#11 0xaaaac4ed6e20 <unknown>\n#12 0xaaaac4f10eec <unknown>\n#13 0xaaaac4f110b8 <unknown>\n#14 0xaaaac4f1f170 <unknown>\n#15 0xffffa6cfedd8 <unknown>\n#16 0xffffa6d67e5c <unknown>", "trace": "self = <tests.test_login.TestLogin object at 0xffffb9a5fd90>\n\n>   ???\n\n/Users/alya/Documents/selenium-ci-cd/tests/test_login.py:35: \n_ _ _ _ _ _ _ _ _ _ _ _ _ _ _ _ _ _ _ _ _ _ _ _ _ _ _ _ _ _ _ _ _ _ _ _ _ _ _ _ \npages/login_page.py:56: in login_existing_user\n    assert self.get_user_name() == \"Hi, \"+username\npages/nav_bar_page.py:25: in get_user_name\n    return self.get_text(self.LOGGED_IN_USER)\npages/base_page.py:33: in get_text\n    element: WebElement = self.wait.until(\n_ _ _ _ _ _ _ _ _ _ _ _ _ _ _ _ _ _ _ _ _ _ _ _ _ _ _ _ _ _ _ _ _ _ _ _ _ _ _ _ \n\nself = <selenium.webdriver.support.wait.WebDriverWait (session=\"46780d39136332f2b6c266a4f6644c4e\")>\nmethod = <function visibility_of_element_located.<locals>._predicate at 0xffffb9c5cf40>\nmessage = ''\n\n    def until(self, method, message: str = \"\"):\n        \"\"\"Calls the method provided with the driver as an argument until the \\\n        return value does not evaluate to ``False``.\n    \n        :param method: callable(WebDriver)\n        :param message: optional message for :exc:`TimeoutException`\n        :returns: the result of the last call to `method`\n        :raises: :exc:`selenium.common.exceptions.TimeoutException` if timeout occurs\n        \"\"\"\n        screen = None\n        stacktrace = None\n    \n        end_time = time.monotonic() + self._timeout\n        while True:\n            try:\n                value = method(self._driver)\n                if value:\n                    return value\n            except self._ignored_exceptions as exc:\n                screen = getattr(exc, \"screen\", None)\n                stacktrace = getattr(exc, \"stacktrace\", None)\n            time.sleep(self._poll)\n            if time.monotonic() > end_time:\n                break\n>       raise TimeoutException(message, screen, stacktrace)\nE       selenium.common.exceptions.TimeoutException: Message: \nE       Stacktrace:\nE       #0 0xaaaac4f2679c <unknown>\nE       #1 0xaaaac4c9b3cc <unknown>\nE       #2 0xaaaac4ccf0e0 <unknown>\nE       #3 0xaaaac4d03d2c <unknown>\nE       #4 0xaaaac4cc547c <unknown>\nE       #5 0xaaaac4cc6894 <unknown>\nE       #6 0xaaaac4ef4a7c <unknown>\nE       #7 0xaaaac4ef700c <unknown>\nE       #8 0xaaaac4ef6bac <unknown>\nE       #9 0xaaaac4efd4d8 <unknown>\nE       #10 0xaaaac4ef7924 <unknown>\nE       #11 0xaaaac4ed6e20 <unknown>\nE       #12 0xaaaac4f10eec <unknown>\nE       #13 0xaaaac4f110b8 <unknown>\nE       #14 0xaaaac4f1f170 <unknown>\nE       #15 0xffffa6cfedd8 <unknown>\nE       #16 0xffffa6d67e5c <unknown>\n\n/root/.local/share/virtualenvs/selenium-test-Ou9L0FGN/lib/python3.11/site-packages/selenium/webdriver/support/wait.py:95: TimeoutException"}, "description": "User is able to login", "steps": [{"name": "User logs in", "status": "broken", "statusDetails": {"message": "selenium.common.exceptions.TimeoutException: Message: \nStacktrace:\n#0 0xaaaac4f2679c <unknown>\n#1 0xaaaac4c9b3cc <unknown>\n#2 0xaaaac4ccf0e0 <unknown>\n#3 0xaaaac4d03d2c <unknown>\n#4 0xaaaac4cc547c <unknown>\n#5 0xaaaac4cc6894 <unknown>\n#6 0xaaaac4ef4a7c <unknown>\n#7 0xaaaac4ef700c <unknown>\n#8 0xaaaac4ef6bac <unknown>\n#9 0xaaaac4efd4d8 <unknown>\n#10 0xaaaac4ef7924 <unknown>\n#11 0xaaaac4ed6e20 <unknown>\n#12 0xaaaac4f10eec <unknown>\n#13 0xaaaac4f110b8 <unknown>\n#14 0xaaaac4f1f170 <unknown>\n#15 0xffffa6cfedd8 <unknown>\n#16 0xffffa6d67e5c <unknown>\n\n", "trace": "  File \"/root/.local/share/virtualenvs/selenium-test-Ou9L0FGN/lib/python3.11/site-packages/allure_commons/_allure.py\", line 192, in impl\n    return func(*a, **kw)\n           ^^^^^^^^^^^^^^\n  File \"/home/selenium-test/pages/login_page.py\", line 56, in login_existing_user\n    assert self.get_user_name() == \"Hi, \"+username\n           ^^^^^^^^^^^^^^^^^^^^\n  File \"/root/.local/share/virtualenvs/selenium-test-Ou9L0FGN/lib/python3.11/site-packages/allure_commons/_allure.py\", line 192, in impl\n    return func(*a, **kw)\n           ^^^^^^^^^^^^^^\n  File \"/home/selenium-test/pages/nav_bar_page.py\", line 25, in get_user_name\n    return self.get_text(self.LOGGED_IN_USER)\n           ^^^^^^^^^^^^^^^^^^^^^^^^^^^^^^^^^^\n  File \"/home/selenium-test/pages/base_page.py\", line 33, in get_text\n    element: WebElement = self.wait.until(\n                          ^^^^^^^^^^^^^^^^\n  File \"/root/.local/share/virtualenvs/selenium-test-Ou9L0FGN/lib/python3.11/site-packages/selenium/webdriver/support/wait.py\", line 95, in until\n    raise TimeoutException(message, screen, stacktrace)\n"}, "steps": [{"name": "User clicks login icon in nav bar", "status": "passed", "start": 1684827270589, "stop": 1684827272987}, {"name": "Fill phone number", "status": "passed", "parameters": [{"name": "phone_number", "value": "'01116888790'"}], "start": 1684827272989, "stop": 1684827273902}, {"name": "User clicks start exploring", "status": "passed", "start": 1684827273903, "stop": 1684827274299}, {"name": "User fill password", "status": "passed", "parameters": [{"name": "password", "value": "'test'"}], "start": 1684827274299, "stop": 1684827276521}, {"name": "User clicks login button", "status": "passed", "start": 1684827276521, "stop": 1684827277565}, {"name": "Return username when user logged in", "status": "broken", "statusDetails": {"message": "selenium.common.exceptions.TimeoutException: Message: \nStacktrace:\n#0 0xaaaac4f2679c <unknown>\n#1 0xaaaac4c9b3cc <unknown>\n#2 0xaaaac4ccf0e0 <unknown>\n#3 0xaaaac4d03d2c <unknown>\n#4 0xaaaac4cc547c <unknown>\n#5 0xaaaac4cc6894 <unknown>\n#6 0xaaaac4ef4a7c <unknown>\n#7 0xaaaac4ef700c <unknown>\n#8 0xaaaac4ef6bac <unknown>\n#9 0xaaaac4efd4d8 <unknown>\n#10 0xaaaac4ef7924 <unknown>\n#11 0xaaaac4ed6e20 <unknown>\n#12 0xaaaac4f10eec <unknown>\n#13 0xaaaac4f110b8 <unknown>\n#14 0xaaaac4f1f170 <unknown>\n#15 0xffffa6cfedd8 <unknown>\n#16 0xffffa6d67e5c <unknown>\n\n", "trace": "  File \"/root/.local/share/virtualenvs/selenium-test-Ou9L0FGN/lib/python3.11/site-packages/allure_commons/_allure.py\", line 192, in impl\n    return func(*a, **kw)\n           ^^^^^^^^^^^^^^\n  File \"/home/selenium-test/pages/nav_bar_page.py\", line 25, in get_user_name\n    return self.get_text(self.LOGGED_IN_USER)\n           ^^^^^^^^^^^^^^^^^^^^^^^^^^^^^^^^^^\n  File \"/home/selenium-test/pages/base_page.py\", line 33, in get_text\n    element: WebElement = self.wait.until(\n                          ^^^^^^^^^^^^^^^^\n  File \"/root/.local/share/virtualenvs/selenium-test-Ou9L0FGN/lib/python3.11/site-packages/selenium/webdriver/support/wait.py\", line 95, in until\n    raise TimeoutException(message, screen, stacktrace)\n"}, "start": 1684827277566, "stop": 1684827309351}], "parameters": [{"name": "phone_number", "value": "'01116888790'"}, {"name": "password", "value": "'test'"}, {"name": "username", "value": "'alyaothman'"}], "start": 1684827270588, "stop": 1684827309354}], "attachments": [{"name": "stdout", "source": "459f695d-2da1-483d-8a7e-ddf4e7c61de7-attachment.txt", "type": "text/plain"}], "parameters": [{"name": "browser", "value": "'chrome'"}], "start": 1684827270588, "stop": 1684827309355, "uuid": "fc82f985-f141-4f58-8065-2c5e6092a2d9", "historyId": "39cff70f68670e41090de5b2f95773fe", "testCaseId": "0edf0a627e33dcf0062a7d9e3e848ac1", "fullName": "tests.test_login.TestLogin#test_user_login", "labels": [{"name": "tag", "value": "chrome"}, {"name": "story", "value": "Login functionality"}, {"name": "tag", "value": "@pytest.mark.usefixtures('setup')"}, {"name": "parentSuite", "value": "tests"}, {"name": "suite", "value": "test_login"}, {"name": "subSuite", "value": "TestLogin"}, {"name": "host", "value": "c84a2fb0e6ff"}, {"name": "thread", "value": "26-MainThread"}, {"name": "framework", "value": "pytest"}, {"name": "language", "value": "cpython3"}, {"name": "package", "value": "tests.test_login"}]}